2015-09-08 15:10:20,475 - [ERROR] - from application in play-akka.actor.default-dispatcher-16 


! @6nd0h737k - Internal server error, for (GET) [/data/jobstatisticshistogram?_dc=1441717820388&page=1&start=0&limit=25&filter=%5B%7B%22property%22%3A%22job_execution_id%22%2C%22value%22%3A%2216%22%7D%5D] ->

play.api.Application$$anon$1: Execution exception[[NoSuchElementException: head of empty list]]
	at play.api.Application$class.handleError(Application.scala:296) ~[com.typesafe.play.play_2.11-2.3.10.jar:2.3.10]
	at play.api.DefaultApplication.handleError(Application.scala:402) [com.typesafe.play.play_2.11-2.3.10.jar:2.3.10]
	at play.core.server.netty.PlayDefaultUpstreamHandler$$anonfun$14$$anonfun$apply$1.applyOrElse(PlayDefaultUpstreamHandler.scala:205) [com.typesafe.play.play_2.11-2.3.10.jar:2.3.10]
	at play.core.server.netty.PlayDefaultUpstreamHandler$$anonfun$14$$anonfun$apply$1.applyOrElse(PlayDefaultUpstreamHandler.scala:202) [com.typesafe.play.play_2.11-2.3.10.jar:2.3.10]
	at scala.runtime.AbstractPartialFunction.apply(AbstractPartialFunction.scala:36) [org.scala-lang.scala-library-2.11.7.jar:na]
	at scala.util.Failure$$anonfun$recover$1.apply(Try.scala:216) [org.scala-lang.scala-library-2.11.7.jar:na]
	at scala.util.Try$.apply(Try.scala:192) [org.scala-lang.scala-library-2.11.7.jar:na]
	at scala.util.Failure.recover(Try.scala:216) [org.scala-lang.scala-library-2.11.7.jar:na]
	at scala.concurrent.Future$$anonfun$recover$1.apply(Future.scala:324) [org.scala-lang.scala-library-2.11.7.jar:na]
	at scala.concurrent.Future$$anonfun$recover$1.apply(Future.scala:324) [org.scala-lang.scala-library-2.11.7.jar:na]
	at scala.concurrent.impl.CallbackRunnable.run(Promise.scala:32) [org.scala-lang.scala-library-2.11.7.jar:na]
	at play.api.libs.iteratee.Execution$trampoline$.execute(Execution.scala:46) [com.typesafe.play.play-iteratees_2.11-2.3.10.jar:2.3.10]
	at scala.concurrent.impl.CallbackRunnable.executeWithValue(Promise.scala:40) [org.scala-lang.scala-library-2.11.7.jar:na]
	at scala.concurrent.impl.Promise$DefaultPromise.tryComplete(Promise.scala:248) [org.scala-lang.scala-library-2.11.7.jar:na]
	at scala.concurrent.Promise$class.complete(Promise.scala:55) [org.scala-lang.scala-library-2.11.7.jar:na]
	at scala.concurrent.impl.Promise$DefaultPromise.complete(Promise.scala:153) [org.scala-lang.scala-library-2.11.7.jar:na]
	at scala.concurrent.impl.Future$PromiseCompletingRunnable.run(Future.scala:23) [org.scala-lang.scala-library-2.11.7.jar:na]
	at akka.dispatch.TaskInvocation.run(AbstractDispatcher.scala:41) [com.typesafe.akka.akka-actor_2.11-2.3.4.jar:na]
	at akka.dispatch.ForkJoinExecutorConfigurator$AkkaForkJoinTask.exec(AbstractDispatcher.scala:393) [com.typesafe.akka.akka-actor_2.11-2.3.4.jar:na]
	at scala.concurrent.forkjoin.ForkJoinTask.doExec(ForkJoinTask.java:260) [org.scala-lang.scala-library-2.11.7.jar:na]
	at scala.concurrent.forkjoin.ForkJoinPool$WorkQueue.runTask(ForkJoinPool.java:1339) [org.scala-lang.scala-library-2.11.7.jar:na]
	at scala.concurrent.forkjoin.ForkJoinPool.runWorker(ForkJoinPool.java:1979) [org.scala-lang.scala-library-2.11.7.jar:na]
	at scala.concurrent.forkjoin.ForkJoinWorkerThread.run(ForkJoinWorkerThread.java:107) [org.scala-lang.scala-library-2.11.7.jar:na]
Caused by: java.util.NoSuchElementException: head of empty list
	at scala.collection.immutable.Nil$.head(List.scala:420) ~[org.scala-lang.scala-library-2.11.7.jar:na]
	at scala.collection.immutable.Nil$.head(List.scala:417) ~[org.scala-lang.scala-library-2.11.7.jar:na]
	at es.imim.phi.collector.model.database_eTOXOPS$$anonfun$GetJobExecutionDataForHistogram$2.apply(database_eTOXOPS.scala:609) ~[collector.collector-1.4.jar:1.4]
	at es.imim.phi.collector.model.database_eTOXOPS$$anonfun$GetJobExecutionDataForHistogram$2.apply(database_eTOXOPS.scala:591) ~[collector.collector-1.4.jar:1.4]
	at scala.util.DynamicVariable.withValue(DynamicVariable.scala:58) ~[org.scala-lang.scala-library-2.11.7.jar:na]
	at scala.slick.backend.DatabaseComponent$class.withDynamicSession(DatabaseComponent.scala:67) ~[com.typesafe.slick.slick_2.11-2.1.0.jar:na]
	at scala.slick.jdbc.JdbcBackend$.withDynamicSession(JdbcBackend.scala:448) ~[com.typesafe.slick.slick_2.11-2.1.0.jar:na]
	at scala.slick.backend.DatabaseComponent$DatabaseDef$$anonfun$withDynSession$1.apply(DatabaseComponent.scala:51) ~[com.typesafe.slick.slick_2.11-2.1.0.jar:na]
	at scala.slick.backend.DatabaseComponent$DatabaseDef$$anonfun$withDynSession$1.apply(DatabaseComponent.scala:51) ~[com.typesafe.slick.slick_2.11-2.1.0.jar:na]
	at scala.slick.backend.DatabaseComponent$DatabaseDef$class.withSession(DatabaseComponent.scala:34) ~[com.typesafe.slick.slick_2.11-2.1.0.jar:na]
	at scala.slick.jdbc.JdbcBackend$DatabaseFactoryDef$$anon$4.withSession(JdbcBackend.scala:61) ~[com.typesafe.slick.slick_2.11-2.1.0.jar:na]
	at scala.slick.backend.DatabaseComponent$DatabaseDef$class.withDynSession(DatabaseComponent.scala:51) ~[com.typesafe.slick.slick_2.11-2.1.0.jar:na]
	at scala.slick.jdbc.JdbcBackend$DatabaseFactoryDef$$anon$4.withDynSession(JdbcBackend.scala:61) ~[com.typesafe.slick.slick_2.11-2.1.0.jar:na]
	at es.imim.phi.collector.model.database_eTOXOPS$.GetJobExecutionDataForHistogram(database_eTOXOPS.scala:591) ~[collector.collector-1.4.jar:1.4]
	at controllers.Application$$anonfun$getJobStatisticsHistogram$1$$anonfun$apply$26.apply(Application.scala:215) ~[collector.collector-1.4.jar:1.4]
	at controllers.Application$$anonfun$getJobStatisticsHistogram$1$$anonfun$apply$26.apply(Application.scala:214) ~[collector.collector-1.4.jar:1.4]
	at scala.util.DynamicVariable.withValue(DynamicVariable.scala:58) ~[org.scala-lang.scala-library-2.11.7.jar:na]
	at scala.slick.backend.DatabaseComponent$class.withDynamicSession(DatabaseComponent.scala:67) ~[com.typesafe.slick.slick_2.11-2.1.0.jar:na]
	at scala.slick.jdbc.JdbcBackend$.withDynamicSession(JdbcBackend.scala:448) ~[com.typesafe.slick.slick_2.11-2.1.0.jar:na]
	at scala.slick.backend.DatabaseComponent$DatabaseDef$$anonfun$withDynSession$1.apply(DatabaseComponent.scala:51) ~[com.typesafe.slick.slick_2.11-2.1.0.jar:na]
	at scala.slick.backend.DatabaseComponent$DatabaseDef$$anonfun$withDynSession$1.apply(DatabaseComponent.scala:51) ~[com.typesafe.slick.slick_2.11-2.1.0.jar:na]
	at scala.slick.backend.DatabaseComponent$DatabaseDef$class.withSession(DatabaseComponent.scala:34) ~[com.typesafe.slick.slick_2.11-2.1.0.jar:na]
	at scala.slick.jdbc.JdbcBackend$DatabaseFactoryDef$$anon$4.withSession(JdbcBackend.scala:61) ~[com.typesafe.slick.slick_2.11-2.1.0.jar:na]
	at scala.slick.backend.DatabaseComponent$DatabaseDef$class.withDynSession(DatabaseComponent.scala:51) ~[com.typesafe.slick.slick_2.11-2.1.0.jar:na]
	at scala.slick.jdbc.JdbcBackend$DatabaseFactoryDef$$anon$4.withDynSession(JdbcBackend.scala:61) ~[com.typesafe.slick.slick_2.11-2.1.0.jar:na]
	at controllers.Application$$anonfun$getJobStatisticsHistogram$1.apply(Application.scala:214) ~[collector.collector-1.4.jar:1.4]
	at controllers.Application$$anonfun$getJobStatisticsHistogram$1.apply(Application.scala:209) ~[collector.collector-1.4.jar:1.4]
	at play.api.mvc.ActionBuilder$$anonfun$apply$17.apply(Action.scala:464) ~[com.typesafe.play.play_2.11-2.3.10.jar:2.3.10]
	at play.api.mvc.ActionBuilder$$anonfun$apply$17.apply(Action.scala:464) ~[com.typesafe.play.play_2.11-2.3.10.jar:2.3.10]
	at play.api.mvc.ActionBuilder$$anonfun$apply$16.apply(Action.scala:433) ~[com.typesafe.play.play_2.11-2.3.10.jar:2.3.10]
	at play.api.mvc.ActionBuilder$$anonfun$apply$16.apply(Action.scala:432) ~[com.typesafe.play.play_2.11-2.3.10.jar:2.3.10]
	at play.api.mvc.Action$.invokeBlock(Action.scala:556) ~[com.typesafe.play.play_2.11-2.3.10.jar:2.3.10]
	at play.api.mvc.Action$.invokeBlock(Action.scala:555) ~[com.typesafe.play.play_2.11-2.3.10.jar:2.3.10]
	at play.api.mvc.ActionBuilder$$anon$1.apply(Action.scala:518) ~[com.typesafe.play.play_2.11-2.3.10.jar:2.3.10]
	at play.api.mvc.Action$$anonfun$apply$1$$anonfun$apply$4$$anonfun$apply$5.apply(Action.scala:130) ~[com.typesafe.play.play_2.11-2.3.10.jar:2.3.10]
	at play.api.mvc.Action$$anonfun$apply$1$$anonfun$apply$4$$anonfun$apply$5.apply(Action.scala:130) ~[com.typesafe.play.play_2.11-2.3.10.jar:2.3.10]
	at play.utils.Threads$.withContextClassLoader(Threads.scala:21) ~[com.typesafe.play.play_2.11-2.3.10.jar:2.3.10]
	at play.api.mvc.Action$$anonfun$apply$1$$anonfun$apply$4.apply(Action.scala:129) ~[com.typesafe.play.play_2.11-2.3.10.jar:2.3.10]
	at play.api.mvc.Action$$anonfun$apply$1$$anonfun$apply$4.apply(Action.scala:128) ~[com.typesafe.play.play_2.11-2.3.10.jar:2.3.10]
	at scala.Option.map(Option.scala:146) ~[org.scala-lang.scala-library-2.11.7.jar:na]
	at play.api.mvc.Action$$anonfun$apply$1.apply(Action.scala:128) ~[com.typesafe.play.play_2.11-2.3.10.jar:2.3.10]
	at play.api.mvc.Action$$anonfun$apply$1.apply(Action.scala:121) ~[com.typesafe.play.play_2.11-2.3.10.jar:2.3.10]
	at play.api.libs.iteratee.DoneIteratee$$anonfun$mapM$2.apply(Iteratee.scala:705) ~[com.typesafe.play.play-iteratees_2.11-2.3.10.jar:2.3.10]
	at play.api.libs.iteratee.DoneIteratee$$anonfun$mapM$2.apply(Iteratee.scala:705) ~[com.typesafe.play.play-iteratees_2.11-2.3.10.jar:2.3.10]
	at scala.concurrent.impl.Future$PromiseCompletingRunnable.liftedTree1$1(Future.scala:24) [org.scala-lang.scala-library-2.11.7.jar:na]
	at scala.concurrent.impl.Future$PromiseCompletingRunnable.run(Future.scala:24) [org.scala-lang.scala-library-2.11.7.jar:na]
	... 6 common frames omitted

2015-09-08 15:10:51,102 - [ERROR] - from application in play-akka.actor.default-dispatcher-19 


! @6nd0h8mgl - Internal server error, for (GET) [/data/jobstatisticshistogram?_dc=1441717851066&page=1&start=0&limit=25&filter=%5B%7B%22property%22%3A%22job_execution_id%22%2C%22value%22%3A%2217%22%7D%5D] ->

play.api.Application$$anon$1: Execution exception[[NoSuchElementException: head of empty list]]
	at play.api.Application$class.handleError(Application.scala:296) ~[com.typesafe.play.play_2.11-2.3.10.jar:2.3.10]
	at play.api.DefaultApplication.handleError(Application.scala:402) [com.typesafe.play.play_2.11-2.3.10.jar:2.3.10]
	at play.core.server.netty.PlayDefaultUpstreamHandler$$anonfun$14$$anonfun$apply$1.applyOrElse(PlayDefaultUpstreamHandler.scala:205) [com.typesafe.play.play_2.11-2.3.10.jar:2.3.10]
	at play.core.server.netty.PlayDefaultUpstreamHandler$$anonfun$14$$anonfun$apply$1.applyOrElse(PlayDefaultUpstreamHandler.scala:202) [com.typesafe.play.play_2.11-2.3.10.jar:2.3.10]
	at scala.runtime.AbstractPartialFunction.apply(AbstractPartialFunction.scala:36) [org.scala-lang.scala-library-2.11.7.jar:na]
	at scala.util.Failure$$anonfun$recover$1.apply(Try.scala:216) [org.scala-lang.scala-library-2.11.7.jar:na]
	at scala.util.Try$.apply(Try.scala:192) [org.scala-lang.scala-library-2.11.7.jar:na]
	at scala.util.Failure.recover(Try.scala:216) [org.scala-lang.scala-library-2.11.7.jar:na]
	at scala.concurrent.Future$$anonfun$recover$1.apply(Future.scala:324) [org.scala-lang.scala-library-2.11.7.jar:na]
	at scala.concurrent.Future$$anonfun$recover$1.apply(Future.scala:324) [org.scala-lang.scala-library-2.11.7.jar:na]
	at scala.concurrent.impl.CallbackRunnable.run(Promise.scala:32) [org.scala-lang.scala-library-2.11.7.jar:na]
	at play.api.libs.iteratee.Execution$trampoline$.execute(Execution.scala:46) [com.typesafe.play.play-iteratees_2.11-2.3.10.jar:2.3.10]
	at scala.concurrent.impl.CallbackRunnable.executeWithValue(Promise.scala:40) [org.scala-lang.scala-library-2.11.7.jar:na]
	at scala.concurrent.impl.Promise$DefaultPromise.tryComplete(Promise.scala:248) [org.scala-lang.scala-library-2.11.7.jar:na]
	at scala.concurrent.Promise$class.complete(Promise.scala:55) [org.scala-lang.scala-library-2.11.7.jar:na]
	at scala.concurrent.impl.Promise$DefaultPromise.complete(Promise.scala:153) [org.scala-lang.scala-library-2.11.7.jar:na]
	at scala.concurrent.impl.Future$PromiseCompletingRunnable.run(Future.scala:23) [org.scala-lang.scala-library-2.11.7.jar:na]
	at akka.dispatch.TaskInvocation.run(AbstractDispatcher.scala:41) [com.typesafe.akka.akka-actor_2.11-2.3.4.jar:na]
	at akka.dispatch.ForkJoinExecutorConfigurator$AkkaForkJoinTask.exec(AbstractDispatcher.scala:393) [com.typesafe.akka.akka-actor_2.11-2.3.4.jar:na]
	at scala.concurrent.forkjoin.ForkJoinTask.doExec(ForkJoinTask.java:260) [org.scala-lang.scala-library-2.11.7.jar:na]
	at scala.concurrent.forkjoin.ForkJoinPool$WorkQueue.runTask(ForkJoinPool.java:1339) [org.scala-lang.scala-library-2.11.7.jar:na]
	at scala.concurrent.forkjoin.ForkJoinPool.runWorker(ForkJoinPool.java:1979) [org.scala-lang.scala-library-2.11.7.jar:na]
	at scala.concurrent.forkjoin.ForkJoinWorkerThread.run(ForkJoinWorkerThread.java:107) [org.scala-lang.scala-library-2.11.7.jar:na]
Caused by: java.util.NoSuchElementException: head of empty list
	at scala.collection.immutable.Nil$.head(List.scala:420) ~[org.scala-lang.scala-library-2.11.7.jar:na]
	at scala.collection.immutable.Nil$.head(List.scala:417) ~[org.scala-lang.scala-library-2.11.7.jar:na]
	at es.imim.phi.collector.model.database_eTOXOPS$$anonfun$GetJobExecutionDataForHistogram$2.apply(database_eTOXOPS.scala:609) ~[collector.collector-1.4.jar:1.4]
	at es.imim.phi.collector.model.database_eTOXOPS$$anonfun$GetJobExecutionDataForHistogram$2.apply(database_eTOXOPS.scala:591) ~[collector.collector-1.4.jar:1.4]
	at scala.util.DynamicVariable.withValue(DynamicVariable.scala:58) ~[org.scala-lang.scala-library-2.11.7.jar:na]
	at scala.slick.backend.DatabaseComponent$class.withDynamicSession(DatabaseComponent.scala:67) ~[com.typesafe.slick.slick_2.11-2.1.0.jar:na]
	at scala.slick.jdbc.JdbcBackend$.withDynamicSession(JdbcBackend.scala:448) ~[com.typesafe.slick.slick_2.11-2.1.0.jar:na]
	at scala.slick.backend.DatabaseComponent$DatabaseDef$$anonfun$withDynSession$1.apply(DatabaseComponent.scala:51) ~[com.typesafe.slick.slick_2.11-2.1.0.jar:na]
	at scala.slick.backend.DatabaseComponent$DatabaseDef$$anonfun$withDynSession$1.apply(DatabaseComponent.scala:51) ~[com.typesafe.slick.slick_2.11-2.1.0.jar:na]
	at scala.slick.backend.DatabaseComponent$DatabaseDef$class.withSession(DatabaseComponent.scala:34) ~[com.typesafe.slick.slick_2.11-2.1.0.jar:na]
	at scala.slick.jdbc.JdbcBackend$DatabaseFactoryDef$$anon$4.withSession(JdbcBackend.scala:61) ~[com.typesafe.slick.slick_2.11-2.1.0.jar:na]
	at scala.slick.backend.DatabaseComponent$DatabaseDef$class.withDynSession(DatabaseComponent.scala:51) ~[com.typesafe.slick.slick_2.11-2.1.0.jar:na]
	at scala.slick.jdbc.JdbcBackend$DatabaseFactoryDef$$anon$4.withDynSession(JdbcBackend.scala:61) ~[com.typesafe.slick.slick_2.11-2.1.0.jar:na]
	at es.imim.phi.collector.model.database_eTOXOPS$.GetJobExecutionDataForHistogram(database_eTOXOPS.scala:591) ~[collector.collector-1.4.jar:1.4]
	at controllers.Application$$anonfun$getJobStatisticsHistogram$1$$anonfun$apply$26.apply(Application.scala:215) ~[collector.collector-1.4.jar:1.4]
	at controllers.Application$$anonfun$getJobStatisticsHistogram$1$$anonfun$apply$26.apply(Application.scala:214) ~[collector.collector-1.4.jar:1.4]
	at scala.util.DynamicVariable.withValue(DynamicVariable.scala:58) ~[org.scala-lang.scala-library-2.11.7.jar:na]
	at scala.slick.backend.DatabaseComponent$class.withDynamicSession(DatabaseComponent.scala:67) ~[com.typesafe.slick.slick_2.11-2.1.0.jar:na]
	at scala.slick.jdbc.JdbcBackend$.withDynamicSession(JdbcBackend.scala:448) ~[com.typesafe.slick.slick_2.11-2.1.0.jar:na]
	at scala.slick.backend.DatabaseComponent$DatabaseDef$$anonfun$withDynSession$1.apply(DatabaseComponent.scala:51) ~[com.typesafe.slick.slick_2.11-2.1.0.jar:na]
	at scala.slick.backend.DatabaseComponent$DatabaseDef$$anonfun$withDynSession$1.apply(DatabaseComponent.scala:51) ~[com.typesafe.slick.slick_2.11-2.1.0.jar:na]
	at scala.slick.backend.DatabaseComponent$DatabaseDef$class.withSession(DatabaseComponent.scala:34) ~[com.typesafe.slick.slick_2.11-2.1.0.jar:na]
	at scala.slick.jdbc.JdbcBackend$DatabaseFactoryDef$$anon$4.withSession(JdbcBackend.scala:61) ~[com.typesafe.slick.slick_2.11-2.1.0.jar:na]
	at scala.slick.backend.DatabaseComponent$DatabaseDef$class.withDynSession(DatabaseComponent.scala:51) ~[com.typesafe.slick.slick_2.11-2.1.0.jar:na]
	at scala.slick.jdbc.JdbcBackend$DatabaseFactoryDef$$anon$4.withDynSession(JdbcBackend.scala:61) ~[com.typesafe.slick.slick_2.11-2.1.0.jar:na]
	at controllers.Application$$anonfun$getJobStatisticsHistogram$1.apply(Application.scala:214) ~[collector.collector-1.4.jar:1.4]
	at controllers.Application$$anonfun$getJobStatisticsHistogram$1.apply(Application.scala:209) ~[collector.collector-1.4.jar:1.4]
	at play.api.mvc.ActionBuilder$$anonfun$apply$17.apply(Action.scala:464) ~[com.typesafe.play.play_2.11-2.3.10.jar:2.3.10]
	at play.api.mvc.ActionBuilder$$anonfun$apply$17.apply(Action.scala:464) ~[com.typesafe.play.play_2.11-2.3.10.jar:2.3.10]
	at play.api.mvc.ActionBuilder$$anonfun$apply$16.apply(Action.scala:433) ~[com.typesafe.play.play_2.11-2.3.10.jar:2.3.10]
	at play.api.mvc.ActionBuilder$$anonfun$apply$16.apply(Action.scala:432) ~[com.typesafe.play.play_2.11-2.3.10.jar:2.3.10]
	at play.api.mvc.Action$.invokeBlock(Action.scala:556) ~[com.typesafe.play.play_2.11-2.3.10.jar:2.3.10]
	at play.api.mvc.Action$.invokeBlock(Action.scala:555) ~[com.typesafe.play.play_2.11-2.3.10.jar:2.3.10]
	at play.api.mvc.ActionBuilder$$anon$1.apply(Action.scala:518) ~[com.typesafe.play.play_2.11-2.3.10.jar:2.3.10]
	at play.api.mvc.Action$$anonfun$apply$1$$anonfun$apply$4$$anonfun$apply$5.apply(Action.scala:130) ~[com.typesafe.play.play_2.11-2.3.10.jar:2.3.10]
	at play.api.mvc.Action$$anonfun$apply$1$$anonfun$apply$4$$anonfun$apply$5.apply(Action.scala:130) ~[com.typesafe.play.play_2.11-2.3.10.jar:2.3.10]
	at play.utils.Threads$.withContextClassLoader(Threads.scala:21) ~[com.typesafe.play.play_2.11-2.3.10.jar:2.3.10]
	at play.api.mvc.Action$$anonfun$apply$1$$anonfun$apply$4.apply(Action.scala:129) ~[com.typesafe.play.play_2.11-2.3.10.jar:2.3.10]
	at play.api.mvc.Action$$anonfun$apply$1$$anonfun$apply$4.apply(Action.scala:128) ~[com.typesafe.play.play_2.11-2.3.10.jar:2.3.10]
	at scala.Option.map(Option.scala:146) ~[org.scala-lang.scala-library-2.11.7.jar:na]
	at play.api.mvc.Action$$anonfun$apply$1.apply(Action.scala:128) ~[com.typesafe.play.play_2.11-2.3.10.jar:2.3.10]
	at play.api.mvc.Action$$anonfun$apply$1.apply(Action.scala:121) ~[com.typesafe.play.play_2.11-2.3.10.jar:2.3.10]
	at play.api.libs.iteratee.DoneIteratee$$anonfun$mapM$2.apply(Iteratee.scala:705) ~[com.typesafe.play.play-iteratees_2.11-2.3.10.jar:2.3.10]
	at play.api.libs.iteratee.DoneIteratee$$anonfun$mapM$2.apply(Iteratee.scala:705) ~[com.typesafe.play.play-iteratees_2.11-2.3.10.jar:2.3.10]
	at scala.concurrent.impl.Future$PromiseCompletingRunnable.liftedTree1$1(Future.scala:24) [org.scala-lang.scala-library-2.11.7.jar:na]
	at scala.concurrent.impl.Future$PromiseCompletingRunnable.run(Future.scala:24) [org.scala-lang.scala-library-2.11.7.jar:na]
	... 6 common frames omitted

2015-09-08 16:53:43,665 - [ERROR] - from application in play-akka.actor.default-dispatcher-66 


! @6nd14m1f8 - Internal server error, for (GET) [/data/jobstatisticshistogram?_dc=1441724023554&page=1&start=0&limit=25&filter=%5B%7B%22property%22%3A%22job_execution_id%22%2C%22value%22%3A%2226%22%7D%5D] ->

play.api.Application$$anon$1: Execution exception[[NoSuchElementException: head of empty list]]
	at play.api.Application$class.handleError(Application.scala:296) ~[com.typesafe.play.play_2.11-2.3.10.jar:2.3.10]
	at play.api.DefaultApplication.handleError(Application.scala:402) [com.typesafe.play.play_2.11-2.3.10.jar:2.3.10]
	at play.core.server.netty.PlayDefaultUpstreamHandler$$anonfun$14$$anonfun$apply$1.applyOrElse(PlayDefaultUpstreamHandler.scala:205) [com.typesafe.play.play_2.11-2.3.10.jar:2.3.10]
	at play.core.server.netty.PlayDefaultUpstreamHandler$$anonfun$14$$anonfun$apply$1.applyOrElse(PlayDefaultUpstreamHandler.scala:202) [com.typesafe.play.play_2.11-2.3.10.jar:2.3.10]
	at scala.runtime.AbstractPartialFunction.apply(AbstractPartialFunction.scala:36) [org.scala-lang.scala-library-2.11.7.jar:na]
	at scala.util.Failure$$anonfun$recover$1.apply(Try.scala:216) [org.scala-lang.scala-library-2.11.7.jar:na]
	at scala.util.Try$.apply(Try.scala:192) [org.scala-lang.scala-library-2.11.7.jar:na]
	at scala.util.Failure.recover(Try.scala:216) [org.scala-lang.scala-library-2.11.7.jar:na]
	at scala.concurrent.Future$$anonfun$recover$1.apply(Future.scala:324) [org.scala-lang.scala-library-2.11.7.jar:na]
	at scala.concurrent.Future$$anonfun$recover$1.apply(Future.scala:324) [org.scala-lang.scala-library-2.11.7.jar:na]
	at scala.concurrent.impl.CallbackRunnable.run(Promise.scala:32) [org.scala-lang.scala-library-2.11.7.jar:na]
	at play.api.libs.iteratee.Execution$trampoline$.execute(Execution.scala:46) [com.typesafe.play.play-iteratees_2.11-2.3.10.jar:2.3.10]
	at scala.concurrent.impl.CallbackRunnable.executeWithValue(Promise.scala:40) [org.scala-lang.scala-library-2.11.7.jar:na]
	at scala.concurrent.impl.Promise$DefaultPromise.tryComplete(Promise.scala:248) [org.scala-lang.scala-library-2.11.7.jar:na]
	at scala.concurrent.Promise$class.complete(Promise.scala:55) [org.scala-lang.scala-library-2.11.7.jar:na]
	at scala.concurrent.impl.Promise$DefaultPromise.complete(Promise.scala:153) [org.scala-lang.scala-library-2.11.7.jar:na]
	at scala.concurrent.impl.Future$PromiseCompletingRunnable.run(Future.scala:23) [org.scala-lang.scala-library-2.11.7.jar:na]
	at akka.dispatch.TaskInvocation.run(AbstractDispatcher.scala:41) [com.typesafe.akka.akka-actor_2.11-2.3.4.jar:na]
	at akka.dispatch.ForkJoinExecutorConfigurator$AkkaForkJoinTask.exec(AbstractDispatcher.scala:393) [com.typesafe.akka.akka-actor_2.11-2.3.4.jar:na]
	at scala.concurrent.forkjoin.ForkJoinTask.doExec(ForkJoinTask.java:260) [org.scala-lang.scala-library-2.11.7.jar:na]
	at scala.concurrent.forkjoin.ForkJoinPool$WorkQueue.runTask(ForkJoinPool.java:1339) [org.scala-lang.scala-library-2.11.7.jar:na]
	at scala.concurrent.forkjoin.ForkJoinPool.runWorker(ForkJoinPool.java:1979) [org.scala-lang.scala-library-2.11.7.jar:na]
	at scala.concurrent.forkjoin.ForkJoinWorkerThread.run(ForkJoinWorkerThread.java:107) [org.scala-lang.scala-library-2.11.7.jar:na]
Caused by: java.util.NoSuchElementException: head of empty list
	at scala.collection.immutable.Nil$.head(List.scala:420) ~[org.scala-lang.scala-library-2.11.7.jar:na]
	at scala.collection.immutable.Nil$.head(List.scala:417) ~[org.scala-lang.scala-library-2.11.7.jar:na]
	at es.imim.phi.collector.model.database_eTOXOPS$$anonfun$GetJobExecutionDataForHistogram$2.apply(database_eTOXOPS.scala:609) ~[collector.collector-1.4.jar:1.4]
	at es.imim.phi.collector.model.database_eTOXOPS$$anonfun$GetJobExecutionDataForHistogram$2.apply(database_eTOXOPS.scala:591) ~[collector.collector-1.4.jar:1.4]
	at scala.util.DynamicVariable.withValue(DynamicVariable.scala:58) ~[org.scala-lang.scala-library-2.11.7.jar:na]
	at scala.slick.backend.DatabaseComponent$class.withDynamicSession(DatabaseComponent.scala:67) ~[com.typesafe.slick.slick_2.11-2.1.0.jar:na]
	at scala.slick.jdbc.JdbcBackend$.withDynamicSession(JdbcBackend.scala:448) ~[com.typesafe.slick.slick_2.11-2.1.0.jar:na]
	at scala.slick.backend.DatabaseComponent$DatabaseDef$$anonfun$withDynSession$1.apply(DatabaseComponent.scala:51) ~[com.typesafe.slick.slick_2.11-2.1.0.jar:na]
	at scala.slick.backend.DatabaseComponent$DatabaseDef$$anonfun$withDynSession$1.apply(DatabaseComponent.scala:51) ~[com.typesafe.slick.slick_2.11-2.1.0.jar:na]
	at scala.slick.backend.DatabaseComponent$DatabaseDef$class.withSession(DatabaseComponent.scala:34) ~[com.typesafe.slick.slick_2.11-2.1.0.jar:na]
	at scala.slick.jdbc.JdbcBackend$DatabaseFactoryDef$$anon$4.withSession(JdbcBackend.scala:61) ~[com.typesafe.slick.slick_2.11-2.1.0.jar:na]
	at scala.slick.backend.DatabaseComponent$DatabaseDef$class.withDynSession(DatabaseComponent.scala:51) ~[com.typesafe.slick.slick_2.11-2.1.0.jar:na]
	at scala.slick.jdbc.JdbcBackend$DatabaseFactoryDef$$anon$4.withDynSession(JdbcBackend.scala:61) ~[com.typesafe.slick.slick_2.11-2.1.0.jar:na]
	at es.imim.phi.collector.model.database_eTOXOPS$.GetJobExecutionDataForHistogram(database_eTOXOPS.scala:591) ~[collector.collector-1.4.jar:1.4]
	at controllers.Application$$anonfun$getJobStatisticsHistogram$1$$anonfun$apply$26.apply(Application.scala:215) ~[collector.collector-1.4.jar:1.4]
	at controllers.Application$$anonfun$getJobStatisticsHistogram$1$$anonfun$apply$26.apply(Application.scala:214) ~[collector.collector-1.4.jar:1.4]
	at scala.util.DynamicVariable.withValue(DynamicVariable.scala:58) ~[org.scala-lang.scala-library-2.11.7.jar:na]
	at scala.slick.backend.DatabaseComponent$class.withDynamicSession(DatabaseComponent.scala:67) ~[com.typesafe.slick.slick_2.11-2.1.0.jar:na]
	at scala.slick.jdbc.JdbcBackend$.withDynamicSession(JdbcBackend.scala:448) ~[com.typesafe.slick.slick_2.11-2.1.0.jar:na]
	at scala.slick.backend.DatabaseComponent$DatabaseDef$$anonfun$withDynSession$1.apply(DatabaseComponent.scala:51) ~[com.typesafe.slick.slick_2.11-2.1.0.jar:na]
	at scala.slick.backend.DatabaseComponent$DatabaseDef$$anonfun$withDynSession$1.apply(DatabaseComponent.scala:51) ~[com.typesafe.slick.slick_2.11-2.1.0.jar:na]
	at scala.slick.backend.DatabaseComponent$DatabaseDef$class.withSession(DatabaseComponent.scala:34) ~[com.typesafe.slick.slick_2.11-2.1.0.jar:na]
	at scala.slick.jdbc.JdbcBackend$DatabaseFactoryDef$$anon$4.withSession(JdbcBackend.scala:61) ~[com.typesafe.slick.slick_2.11-2.1.0.jar:na]
	at scala.slick.backend.DatabaseComponent$DatabaseDef$class.withDynSession(DatabaseComponent.scala:51) ~[com.typesafe.slick.slick_2.11-2.1.0.jar:na]
	at scala.slick.jdbc.JdbcBackend$DatabaseFactoryDef$$anon$4.withDynSession(JdbcBackend.scala:61) ~[com.typesafe.slick.slick_2.11-2.1.0.jar:na]
	at controllers.Application$$anonfun$getJobStatisticsHistogram$1.apply(Application.scala:214) ~[collector.collector-1.4.jar:1.4]
	at controllers.Application$$anonfun$getJobStatisticsHistogram$1.apply(Application.scala:209) ~[collector.collector-1.4.jar:1.4]
	at play.api.mvc.ActionBuilder$$anonfun$apply$17.apply(Action.scala:464) ~[com.typesafe.play.play_2.11-2.3.10.jar:2.3.10]
	at play.api.mvc.ActionBuilder$$anonfun$apply$17.apply(Action.scala:464) ~[com.typesafe.play.play_2.11-2.3.10.jar:2.3.10]
	at play.api.mvc.ActionBuilder$$anonfun$apply$16.apply(Action.scala:433) ~[com.typesafe.play.play_2.11-2.3.10.jar:2.3.10]
	at play.api.mvc.ActionBuilder$$anonfun$apply$16.apply(Action.scala:432) ~[com.typesafe.play.play_2.11-2.3.10.jar:2.3.10]
	at play.api.mvc.Action$.invokeBlock(Action.scala:556) ~[com.typesafe.play.play_2.11-2.3.10.jar:2.3.10]
	at play.api.mvc.Action$.invokeBlock(Action.scala:555) ~[com.typesafe.play.play_2.11-2.3.10.jar:2.3.10]
	at play.api.mvc.ActionBuilder$$anon$1.apply(Action.scala:518) ~[com.typesafe.play.play_2.11-2.3.10.jar:2.3.10]
	at play.api.mvc.Action$$anonfun$apply$1$$anonfun$apply$4$$anonfun$apply$5.apply(Action.scala:130) ~[com.typesafe.play.play_2.11-2.3.10.jar:2.3.10]
	at play.api.mvc.Action$$anonfun$apply$1$$anonfun$apply$4$$anonfun$apply$5.apply(Action.scala:130) ~[com.typesafe.play.play_2.11-2.3.10.jar:2.3.10]
	at play.utils.Threads$.withContextClassLoader(Threads.scala:21) ~[com.typesafe.play.play_2.11-2.3.10.jar:2.3.10]
	at play.api.mvc.Action$$anonfun$apply$1$$anonfun$apply$4.apply(Action.scala:129) ~[com.typesafe.play.play_2.11-2.3.10.jar:2.3.10]
	at play.api.mvc.Action$$anonfun$apply$1$$anonfun$apply$4.apply(Action.scala:128) ~[com.typesafe.play.play_2.11-2.3.10.jar:2.3.10]
	at scala.Option.map(Option.scala:146) ~[org.scala-lang.scala-library-2.11.7.jar:na]
	at play.api.mvc.Action$$anonfun$apply$1.apply(Action.scala:128) ~[com.typesafe.play.play_2.11-2.3.10.jar:2.3.10]
	at play.api.mvc.Action$$anonfun$apply$1.apply(Action.scala:121) ~[com.typesafe.play.play_2.11-2.3.10.jar:2.3.10]
	at play.api.libs.iteratee.DoneIteratee$$anonfun$mapM$2.apply(Iteratee.scala:705) ~[com.typesafe.play.play-iteratees_2.11-2.3.10.jar:2.3.10]
	at play.api.libs.iteratee.DoneIteratee$$anonfun$mapM$2.apply(Iteratee.scala:705) ~[com.typesafe.play.play-iteratees_2.11-2.3.10.jar:2.3.10]
	at scala.concurrent.impl.Future$PromiseCompletingRunnable.liftedTree1$1(Future.scala:24) [org.scala-lang.scala-library-2.11.7.jar:na]
	at scala.concurrent.impl.Future$PromiseCompletingRunnable.run(Future.scala:24) [org.scala-lang.scala-library-2.11.7.jar:na]
	... 6 common frames omitted

