2016-05-31 08:42:18,453 - [ERROR] - from application in play-akka.actor.default-dispatcher-3 


! @70990hjfj - Internal server error, for (GET) [/data/jobstatisticshistogram?_dc=1464676938306&page=1&start=0&limit=25&filter=%5B%7B%22property%22%3A%22job_execution_id%22%2C%22value%22%3A%22148%22%7D%5D] ->

play.api.Application$$anon$1: Execution exception[[NoSuchElementException: head of empty list]]
	at play.api.Application$class.handleError(Application.scala:296) ~[com.typesafe.play.play_2.11-2.3.10.jar:2.3.10]
	at play.api.DefaultApplication.handleError(Application.scala:402) [com.typesafe.play.play_2.11-2.3.10.jar:2.3.10]
	at play.core.server.netty.PlayDefaultUpstreamHandler$$anonfun$14$$anonfun$apply$1.applyOrElse(PlayDefaultUpstreamHandler.scala:205) [com.typesafe.play.play_2.11-2.3.10.jar:2.3.10]
	at play.core.server.netty.PlayDefaultUpstreamHandler$$anonfun$14$$anonfun$apply$1.applyOrElse(PlayDefaultUpstreamHandler.scala:202) [com.typesafe.play.play_2.11-2.3.10.jar:2.3.10]
	at scala.runtime.AbstractPartialFunction.apply(AbstractPartialFunction.scala:36) [org.scala-lang.scala-library-2.11.8.jar:na]
	at scala.util.Failure$$anonfun$recover$1.apply(Try.scala:216) [org.scala-lang.scala-library-2.11.8.jar:na]
	at scala.util.Try$.apply(Try.scala:192) [org.scala-lang.scala-library-2.11.8.jar:na]
	at scala.util.Failure.recover(Try.scala:216) [org.scala-lang.scala-library-2.11.8.jar:na]
	at scala.concurrent.Future$$anonfun$recover$1.apply(Future.scala:326) [org.scala-lang.scala-library-2.11.8.jar:na]
	at scala.concurrent.Future$$anonfun$recover$1.apply(Future.scala:326) [org.scala-lang.scala-library-2.11.8.jar:na]
	at scala.concurrent.impl.CallbackRunnable.run(Promise.scala:32) [org.scala-lang.scala-library-2.11.8.jar:na]
	at play.api.libs.iteratee.Execution$trampoline$.execute(Execution.scala:46) [com.typesafe.play.play-iteratees_2.11-2.3.10.jar:2.3.10]
	at scala.concurrent.impl.CallbackRunnable.executeWithValue(Promise.scala:40) [org.scala-lang.scala-library-2.11.8.jar:na]
	at scala.concurrent.impl.Promise$DefaultPromise.tryComplete(Promise.scala:248) [org.scala-lang.scala-library-2.11.8.jar:na]
	at scala.concurrent.Promise$class.complete(Promise.scala:55) [org.scala-lang.scala-library-2.11.8.jar:na]
	at scala.concurrent.impl.Promise$DefaultPromise.complete(Promise.scala:153) [org.scala-lang.scala-library-2.11.8.jar:na]
	at scala.concurrent.impl.Future$PromiseCompletingRunnable.run(Future.scala:23) [org.scala-lang.scala-library-2.11.8.jar:na]
	at akka.dispatch.TaskInvocation.run(AbstractDispatcher.scala:41) [com.typesafe.akka.akka-actor_2.11-2.3.4.jar:na]
	at akka.dispatch.ForkJoinExecutorConfigurator$AkkaForkJoinTask.exec(AbstractDispatcher.scala:393) [com.typesafe.akka.akka-actor_2.11-2.3.4.jar:na]
	at scala.concurrent.forkjoin.ForkJoinTask.doExec(ForkJoinTask.java:260) [org.scala-lang.scala-library-2.11.8.jar:na]
	at scala.concurrent.forkjoin.ForkJoinPool$WorkQueue.runTask(ForkJoinPool.java:1339) [org.scala-lang.scala-library-2.11.8.jar:na]
	at scala.concurrent.forkjoin.ForkJoinPool.runWorker(ForkJoinPool.java:1979) [org.scala-lang.scala-library-2.11.8.jar:na]
	at scala.concurrent.forkjoin.ForkJoinWorkerThread.run(ForkJoinWorkerThread.java:107) [org.scala-lang.scala-library-2.11.8.jar:na]
Caused by: java.util.NoSuchElementException: head of empty list
	at scala.collection.immutable.Nil$.head(List.scala:420) ~[org.scala-lang.scala-library-2.11.8.jar:na]
	at scala.collection.immutable.Nil$.head(List.scala:417) ~[org.scala-lang.scala-library-2.11.8.jar:na]
	at es.imim.phi.collector.model.database_eTOXOPS$$anonfun$GetJobExecutionDataForHistogram$2.apply(database_eTOXOPS.scala:628) ~[collector.collector-1.4.jar:1.4]
	at es.imim.phi.collector.model.database_eTOXOPS$$anonfun$GetJobExecutionDataForHistogram$2.apply(database_eTOXOPS.scala:612) ~[collector.collector-1.4.jar:1.4]
	at scala.util.DynamicVariable.withValue(DynamicVariable.scala:58) ~[org.scala-lang.scala-library-2.11.8.jar:na]
	at scala.slick.backend.DatabaseComponent$class.withDynamicSession(DatabaseComponent.scala:67) ~[com.typesafe.slick.slick_2.11-2.1.0.jar:na]
	at scala.slick.jdbc.JdbcBackend$.withDynamicSession(JdbcBackend.scala:448) ~[com.typesafe.slick.slick_2.11-2.1.0.jar:na]
	at scala.slick.backend.DatabaseComponent$DatabaseDef$$anonfun$withDynSession$1.apply(DatabaseComponent.scala:51) ~[com.typesafe.slick.slick_2.11-2.1.0.jar:na]
	at scala.slick.backend.DatabaseComponent$DatabaseDef$$anonfun$withDynSession$1.apply(DatabaseComponent.scala:51) ~[com.typesafe.slick.slick_2.11-2.1.0.jar:na]
	at scala.slick.backend.DatabaseComponent$DatabaseDef$class.withSession(DatabaseComponent.scala:34) ~[com.typesafe.slick.slick_2.11-2.1.0.jar:na]
	at scala.slick.jdbc.JdbcBackend$DatabaseFactoryDef$$anon$4.withSession(JdbcBackend.scala:61) ~[com.typesafe.slick.slick_2.11-2.1.0.jar:na]
	at scala.slick.backend.DatabaseComponent$DatabaseDef$class.withDynSession(DatabaseComponent.scala:51) ~[com.typesafe.slick.slick_2.11-2.1.0.jar:na]
	at scala.slick.jdbc.JdbcBackend$DatabaseFactoryDef$$anon$4.withDynSession(JdbcBackend.scala:61) ~[com.typesafe.slick.slick_2.11-2.1.0.jar:na]
	at es.imim.phi.collector.model.database_eTOXOPS$.GetJobExecutionDataForHistogram(database_eTOXOPS.scala:612) ~[collector.collector-1.4.jar:1.4]
	at controllers.Application$$anonfun$getJobStatisticsHistogram$1$$anonfun$apply$26.apply(Application.scala:215) ~[collector.collector-1.4.jar:1.4]
	at controllers.Application$$anonfun$getJobStatisticsHistogram$1$$anonfun$apply$26.apply(Application.scala:214) ~[collector.collector-1.4.jar:1.4]
	at scala.util.DynamicVariable.withValue(DynamicVariable.scala:58) ~[org.scala-lang.scala-library-2.11.8.jar:na]
	at scala.slick.backend.DatabaseComponent$class.withDynamicSession(DatabaseComponent.scala:67) ~[com.typesafe.slick.slick_2.11-2.1.0.jar:na]
	at scala.slick.jdbc.JdbcBackend$.withDynamicSession(JdbcBackend.scala:448) ~[com.typesafe.slick.slick_2.11-2.1.0.jar:na]
	at scala.slick.backend.DatabaseComponent$DatabaseDef$$anonfun$withDynSession$1.apply(DatabaseComponent.scala:51) ~[com.typesafe.slick.slick_2.11-2.1.0.jar:na]
	at scala.slick.backend.DatabaseComponent$DatabaseDef$$anonfun$withDynSession$1.apply(DatabaseComponent.scala:51) ~[com.typesafe.slick.slick_2.11-2.1.0.jar:na]
	at scala.slick.backend.DatabaseComponent$DatabaseDef$class.withSession(DatabaseComponent.scala:34) ~[com.typesafe.slick.slick_2.11-2.1.0.jar:na]
	at scala.slick.jdbc.JdbcBackend$DatabaseFactoryDef$$anon$4.withSession(JdbcBackend.scala:61) ~[com.typesafe.slick.slick_2.11-2.1.0.jar:na]
	at scala.slick.backend.DatabaseComponent$DatabaseDef$class.withDynSession(DatabaseComponent.scala:51) ~[com.typesafe.slick.slick_2.11-2.1.0.jar:na]
	at scala.slick.jdbc.JdbcBackend$DatabaseFactoryDef$$anon$4.withDynSession(JdbcBackend.scala:61) ~[com.typesafe.slick.slick_2.11-2.1.0.jar:na]
	at controllers.Application$$anonfun$getJobStatisticsHistogram$1.apply(Application.scala:214) ~[collector.collector-1.4.jar:1.4]
	at controllers.Application$$anonfun$getJobStatisticsHistogram$1.apply(Application.scala:209) ~[collector.collector-1.4.jar:1.4]
	at play.api.mvc.ActionBuilder$$anonfun$apply$17.apply(Action.scala:464) ~[com.typesafe.play.play_2.11-2.3.10.jar:2.3.10]
	at play.api.mvc.ActionBuilder$$anonfun$apply$17.apply(Action.scala:464) ~[com.typesafe.play.play_2.11-2.3.10.jar:2.3.10]
	at play.api.mvc.ActionBuilder$$anonfun$apply$16.apply(Action.scala:433) ~[com.typesafe.play.play_2.11-2.3.10.jar:2.3.10]
	at play.api.mvc.ActionBuilder$$anonfun$apply$16.apply(Action.scala:432) ~[com.typesafe.play.play_2.11-2.3.10.jar:2.3.10]
	at play.api.mvc.Action$.invokeBlock(Action.scala:556) ~[com.typesafe.play.play_2.11-2.3.10.jar:2.3.10]
	at play.api.mvc.Action$.invokeBlock(Action.scala:555) ~[com.typesafe.play.play_2.11-2.3.10.jar:2.3.10]
	at play.api.mvc.ActionBuilder$$anon$1.apply(Action.scala:518) ~[com.typesafe.play.play_2.11-2.3.10.jar:2.3.10]
	at play.api.mvc.Action$$anonfun$apply$1$$anonfun$apply$4$$anonfun$apply$5.apply(Action.scala:130) ~[com.typesafe.play.play_2.11-2.3.10.jar:2.3.10]
	at play.api.mvc.Action$$anonfun$apply$1$$anonfun$apply$4$$anonfun$apply$5.apply(Action.scala:130) ~[com.typesafe.play.play_2.11-2.3.10.jar:2.3.10]
	at play.utils.Threads$.withContextClassLoader(Threads.scala:21) ~[com.typesafe.play.play_2.11-2.3.10.jar:2.3.10]
	at play.api.mvc.Action$$anonfun$apply$1$$anonfun$apply$4.apply(Action.scala:129) ~[com.typesafe.play.play_2.11-2.3.10.jar:2.3.10]
	at play.api.mvc.Action$$anonfun$apply$1$$anonfun$apply$4.apply(Action.scala:128) ~[com.typesafe.play.play_2.11-2.3.10.jar:2.3.10]
	at scala.Option.map(Option.scala:146) ~[org.scala-lang.scala-library-2.11.8.jar:na]
	at play.api.mvc.Action$$anonfun$apply$1.apply(Action.scala:128) ~[com.typesafe.play.play_2.11-2.3.10.jar:2.3.10]
	at play.api.mvc.Action$$anonfun$apply$1.apply(Action.scala:121) ~[com.typesafe.play.play_2.11-2.3.10.jar:2.3.10]
	at play.api.libs.iteratee.DoneIteratee$$anonfun$mapM$2.apply(Iteratee.scala:705) ~[com.typesafe.play.play-iteratees_2.11-2.3.10.jar:2.3.10]
	at play.api.libs.iteratee.DoneIteratee$$anonfun$mapM$2.apply(Iteratee.scala:705) ~[com.typesafe.play.play-iteratees_2.11-2.3.10.jar:2.3.10]
	at scala.concurrent.impl.Future$PromiseCompletingRunnable.liftedTree1$1(Future.scala:24) [org.scala-lang.scala-library-2.11.8.jar:na]
	at scala.concurrent.impl.Future$PromiseCompletingRunnable.run(Future.scala:24) [org.scala-lang.scala-library-2.11.8.jar:na]
	... 6 common frames omitted

2016-05-31 12:09:05,898 - [ERROR] - from application in play-akka.actor.default-dispatcher-8 


! @709a1lhl4 - Internal server error, for (GET) [/data/jobstatisticshistogram?_dc=1464689344921&page=1&start=0&limit=25&filter=%5B%7B%22property%22%3A%22job_execution_id%22%2C%22value%22%3A%22153%22%7D%5D] ->

play.api.Application$$anon$1: Execution exception[[NoSuchElementException: head of empty list]]
	at play.api.Application$class.handleError(Application.scala:296) ~[com.typesafe.play.play_2.11-2.3.10.jar:2.3.10]
	at play.api.DefaultApplication.handleError(Application.scala:402) [com.typesafe.play.play_2.11-2.3.10.jar:2.3.10]
	at play.core.server.netty.PlayDefaultUpstreamHandler$$anonfun$14$$anonfun$apply$1.applyOrElse(PlayDefaultUpstreamHandler.scala:205) [com.typesafe.play.play_2.11-2.3.10.jar:2.3.10]
	at play.core.server.netty.PlayDefaultUpstreamHandler$$anonfun$14$$anonfun$apply$1.applyOrElse(PlayDefaultUpstreamHandler.scala:202) [com.typesafe.play.play_2.11-2.3.10.jar:2.3.10]
	at scala.runtime.AbstractPartialFunction.apply(AbstractPartialFunction.scala:36) [org.scala-lang.scala-library-2.11.8.jar:na]
	at scala.util.Failure$$anonfun$recover$1.apply(Try.scala:216) [org.scala-lang.scala-library-2.11.8.jar:na]
	at scala.util.Try$.apply(Try.scala:192) [org.scala-lang.scala-library-2.11.8.jar:na]
	at scala.util.Failure.recover(Try.scala:216) [org.scala-lang.scala-library-2.11.8.jar:na]
	at scala.concurrent.Future$$anonfun$recover$1.apply(Future.scala:326) [org.scala-lang.scala-library-2.11.8.jar:na]
	at scala.concurrent.Future$$anonfun$recover$1.apply(Future.scala:326) [org.scala-lang.scala-library-2.11.8.jar:na]
	at scala.concurrent.impl.CallbackRunnable.run(Promise.scala:32) [org.scala-lang.scala-library-2.11.8.jar:na]
	at play.api.libs.iteratee.Execution$trampoline$.execute(Execution.scala:46) [com.typesafe.play.play-iteratees_2.11-2.3.10.jar:2.3.10]
	at scala.concurrent.impl.CallbackRunnable.executeWithValue(Promise.scala:40) [org.scala-lang.scala-library-2.11.8.jar:na]
	at scala.concurrent.impl.Promise$DefaultPromise.tryComplete(Promise.scala:248) [org.scala-lang.scala-library-2.11.8.jar:na]
	at scala.concurrent.Promise$class.complete(Promise.scala:55) [org.scala-lang.scala-library-2.11.8.jar:na]
	at scala.concurrent.impl.Promise$DefaultPromise.complete(Promise.scala:153) [org.scala-lang.scala-library-2.11.8.jar:na]
	at scala.concurrent.impl.Future$PromiseCompletingRunnable.run(Future.scala:23) [org.scala-lang.scala-library-2.11.8.jar:na]
	at akka.dispatch.TaskInvocation.run(AbstractDispatcher.scala:41) [com.typesafe.akka.akka-actor_2.11-2.3.4.jar:na]
	at akka.dispatch.ForkJoinExecutorConfigurator$AkkaForkJoinTask.exec(AbstractDispatcher.scala:393) [com.typesafe.akka.akka-actor_2.11-2.3.4.jar:na]
	at scala.concurrent.forkjoin.ForkJoinTask.doExec(ForkJoinTask.java:260) [org.scala-lang.scala-library-2.11.8.jar:na]
	at scala.concurrent.forkjoin.ForkJoinPool$WorkQueue.runTask(ForkJoinPool.java:1339) [org.scala-lang.scala-library-2.11.8.jar:na]
	at scala.concurrent.forkjoin.ForkJoinPool.runWorker(ForkJoinPool.java:1979) [org.scala-lang.scala-library-2.11.8.jar:na]
	at scala.concurrent.forkjoin.ForkJoinWorkerThread.run(ForkJoinWorkerThread.java:107) [org.scala-lang.scala-library-2.11.8.jar:na]
Caused by: java.util.NoSuchElementException: head of empty list
	at scala.collection.immutable.Nil$.head(List.scala:420) ~[org.scala-lang.scala-library-2.11.8.jar:na]
	at scala.collection.immutable.Nil$.head(List.scala:417) ~[org.scala-lang.scala-library-2.11.8.jar:na]
	at es.imim.phi.collector.model.database_eTOXOPS$$anonfun$GetJobExecutionDataForHistogram$2.apply(database_eTOXOPS.scala:628) ~[collector.collector-1.4.1.jar:1.4.1]
	at es.imim.phi.collector.model.database_eTOXOPS$$anonfun$GetJobExecutionDataForHistogram$2.apply(database_eTOXOPS.scala:612) ~[collector.collector-1.4.1.jar:1.4.1]
	at scala.util.DynamicVariable.withValue(DynamicVariable.scala:58) ~[org.scala-lang.scala-library-2.11.8.jar:na]
	at scala.slick.backend.DatabaseComponent$class.withDynamicSession(DatabaseComponent.scala:67) ~[com.typesafe.slick.slick_2.11-2.1.0.jar:na]
	at scala.slick.jdbc.JdbcBackend$.withDynamicSession(JdbcBackend.scala:448) ~[com.typesafe.slick.slick_2.11-2.1.0.jar:na]
	at scala.slick.backend.DatabaseComponent$DatabaseDef$$anonfun$withDynSession$1.apply(DatabaseComponent.scala:51) ~[com.typesafe.slick.slick_2.11-2.1.0.jar:na]
	at scala.slick.backend.DatabaseComponent$DatabaseDef$$anonfun$withDynSession$1.apply(DatabaseComponent.scala:51) ~[com.typesafe.slick.slick_2.11-2.1.0.jar:na]
	at scala.slick.backend.DatabaseComponent$DatabaseDef$class.withSession(DatabaseComponent.scala:34) ~[com.typesafe.slick.slick_2.11-2.1.0.jar:na]
	at scala.slick.jdbc.JdbcBackend$DatabaseFactoryDef$$anon$4.withSession(JdbcBackend.scala:61) ~[com.typesafe.slick.slick_2.11-2.1.0.jar:na]
	at scala.slick.backend.DatabaseComponent$DatabaseDef$class.withDynSession(DatabaseComponent.scala:51) ~[com.typesafe.slick.slick_2.11-2.1.0.jar:na]
	at scala.slick.jdbc.JdbcBackend$DatabaseFactoryDef$$anon$4.withDynSession(JdbcBackend.scala:61) ~[com.typesafe.slick.slick_2.11-2.1.0.jar:na]
	at es.imim.phi.collector.model.database_eTOXOPS$.GetJobExecutionDataForHistogram(database_eTOXOPS.scala:612) ~[collector.collector-1.4.1.jar:1.4.1]
	at controllers.Application$$anonfun$getJobStatisticsHistogram$1$$anonfun$apply$26.apply(Application.scala:215) ~[collector.collector-1.4.1.jar:1.4.1]
	at controllers.Application$$anonfun$getJobStatisticsHistogram$1$$anonfun$apply$26.apply(Application.scala:214) ~[collector.collector-1.4.1.jar:1.4.1]
	at scala.util.DynamicVariable.withValue(DynamicVariable.scala:58) ~[org.scala-lang.scala-library-2.11.8.jar:na]
	at scala.slick.backend.DatabaseComponent$class.withDynamicSession(DatabaseComponent.scala:67) ~[com.typesafe.slick.slick_2.11-2.1.0.jar:na]
	at scala.slick.jdbc.JdbcBackend$.withDynamicSession(JdbcBackend.scala:448) ~[com.typesafe.slick.slick_2.11-2.1.0.jar:na]
	at scala.slick.backend.DatabaseComponent$DatabaseDef$$anonfun$withDynSession$1.apply(DatabaseComponent.scala:51) ~[com.typesafe.slick.slick_2.11-2.1.0.jar:na]
	at scala.slick.backend.DatabaseComponent$DatabaseDef$$anonfun$withDynSession$1.apply(DatabaseComponent.scala:51) ~[com.typesafe.slick.slick_2.11-2.1.0.jar:na]
	at scala.slick.backend.DatabaseComponent$DatabaseDef$class.withSession(DatabaseComponent.scala:34) ~[com.typesafe.slick.slick_2.11-2.1.0.jar:na]
	at scala.slick.jdbc.JdbcBackend$DatabaseFactoryDef$$anon$4.withSession(JdbcBackend.scala:61) ~[com.typesafe.slick.slick_2.11-2.1.0.jar:na]
	at scala.slick.backend.DatabaseComponent$DatabaseDef$class.withDynSession(DatabaseComponent.scala:51) ~[com.typesafe.slick.slick_2.11-2.1.0.jar:na]
	at scala.slick.jdbc.JdbcBackend$DatabaseFactoryDef$$anon$4.withDynSession(JdbcBackend.scala:61) ~[com.typesafe.slick.slick_2.11-2.1.0.jar:na]
	at controllers.Application$$anonfun$getJobStatisticsHistogram$1.apply(Application.scala:214) ~[collector.collector-1.4.1.jar:1.4.1]
	at controllers.Application$$anonfun$getJobStatisticsHistogram$1.apply(Application.scala:209) ~[collector.collector-1.4.1.jar:1.4.1]
	at play.api.mvc.ActionBuilder$$anonfun$apply$17.apply(Action.scala:464) ~[com.typesafe.play.play_2.11-2.3.10.jar:2.3.10]
	at play.api.mvc.ActionBuilder$$anonfun$apply$17.apply(Action.scala:464) ~[com.typesafe.play.play_2.11-2.3.10.jar:2.3.10]
	at play.api.mvc.ActionBuilder$$anonfun$apply$16.apply(Action.scala:433) ~[com.typesafe.play.play_2.11-2.3.10.jar:2.3.10]
	at play.api.mvc.ActionBuilder$$anonfun$apply$16.apply(Action.scala:432) ~[com.typesafe.play.play_2.11-2.3.10.jar:2.3.10]
	at play.api.mvc.Action$.invokeBlock(Action.scala:556) ~[com.typesafe.play.play_2.11-2.3.10.jar:2.3.10]
	at play.api.mvc.Action$.invokeBlock(Action.scala:555) ~[com.typesafe.play.play_2.11-2.3.10.jar:2.3.10]
	at play.api.mvc.ActionBuilder$$anon$1.apply(Action.scala:518) ~[com.typesafe.play.play_2.11-2.3.10.jar:2.3.10]
	at play.api.mvc.Action$$anonfun$apply$1$$anonfun$apply$4$$anonfun$apply$5.apply(Action.scala:130) ~[com.typesafe.play.play_2.11-2.3.10.jar:2.3.10]
	at play.api.mvc.Action$$anonfun$apply$1$$anonfun$apply$4$$anonfun$apply$5.apply(Action.scala:130) ~[com.typesafe.play.play_2.11-2.3.10.jar:2.3.10]
	at play.utils.Threads$.withContextClassLoader(Threads.scala:21) ~[com.typesafe.play.play_2.11-2.3.10.jar:2.3.10]
	at play.api.mvc.Action$$anonfun$apply$1$$anonfun$apply$4.apply(Action.scala:129) ~[com.typesafe.play.play_2.11-2.3.10.jar:2.3.10]
	at play.api.mvc.Action$$anonfun$apply$1$$anonfun$apply$4.apply(Action.scala:128) ~[com.typesafe.play.play_2.11-2.3.10.jar:2.3.10]
	at scala.Option.map(Option.scala:146) ~[org.scala-lang.scala-library-2.11.8.jar:na]
	at play.api.mvc.Action$$anonfun$apply$1.apply(Action.scala:128) ~[com.typesafe.play.play_2.11-2.3.10.jar:2.3.10]
	at play.api.mvc.Action$$anonfun$apply$1.apply(Action.scala:121) ~[com.typesafe.play.play_2.11-2.3.10.jar:2.3.10]
	at play.api.libs.iteratee.DoneIteratee$$anonfun$mapM$2.apply(Iteratee.scala:705) ~[com.typesafe.play.play-iteratees_2.11-2.3.10.jar:2.3.10]
	at play.api.libs.iteratee.DoneIteratee$$anonfun$mapM$2.apply(Iteratee.scala:705) ~[com.typesafe.play.play-iteratees_2.11-2.3.10.jar:2.3.10]
	at scala.concurrent.impl.Future$PromiseCompletingRunnable.liftedTree1$1(Future.scala:24) [org.scala-lang.scala-library-2.11.8.jar:na]
	at scala.concurrent.impl.Future$PromiseCompletingRunnable.run(Future.scala:24) [org.scala-lang.scala-library-2.11.8.jar:na]
	... 6 common frames omitted

2016-05-31 12:09:06,705 - [ERROR] - from application in play-akka.actor.default-dispatcher-5 


! @709a1lj0d - Internal server error, for (GET) [/data/jobstatisticshistogram?_dc=1464689345902&page=1&start=0&limit=25&filter=%5B%7B%22property%22%3A%22job_execution_id%22%2C%22value%22%3A%22153%22%7D%5D] ->

play.api.Application$$anon$1: Execution exception[[NoSuchElementException: head of empty list]]
	at play.api.Application$class.handleError(Application.scala:296) ~[com.typesafe.play.play_2.11-2.3.10.jar:2.3.10]
	at play.api.DefaultApplication.handleError(Application.scala:402) [com.typesafe.play.play_2.11-2.3.10.jar:2.3.10]
	at play.core.server.netty.PlayDefaultUpstreamHandler$$anonfun$14$$anonfun$apply$1.applyOrElse(PlayDefaultUpstreamHandler.scala:205) [com.typesafe.play.play_2.11-2.3.10.jar:2.3.10]
	at play.core.server.netty.PlayDefaultUpstreamHandler$$anonfun$14$$anonfun$apply$1.applyOrElse(PlayDefaultUpstreamHandler.scala:202) [com.typesafe.play.play_2.11-2.3.10.jar:2.3.10]
	at scala.runtime.AbstractPartialFunction.apply(AbstractPartialFunction.scala:36) [org.scala-lang.scala-library-2.11.8.jar:na]
	at scala.util.Failure$$anonfun$recover$1.apply(Try.scala:216) [org.scala-lang.scala-library-2.11.8.jar:na]
	at scala.util.Try$.apply(Try.scala:192) [org.scala-lang.scala-library-2.11.8.jar:na]
	at scala.util.Failure.recover(Try.scala:216) [org.scala-lang.scala-library-2.11.8.jar:na]
	at scala.concurrent.Future$$anonfun$recover$1.apply(Future.scala:326) [org.scala-lang.scala-library-2.11.8.jar:na]
	at scala.concurrent.Future$$anonfun$recover$1.apply(Future.scala:326) [org.scala-lang.scala-library-2.11.8.jar:na]
	at scala.concurrent.impl.CallbackRunnable.run(Promise.scala:32) [org.scala-lang.scala-library-2.11.8.jar:na]
	at play.api.libs.iteratee.Execution$trampoline$.execute(Execution.scala:46) [com.typesafe.play.play-iteratees_2.11-2.3.10.jar:2.3.10]
	at scala.concurrent.impl.CallbackRunnable.executeWithValue(Promise.scala:40) [org.scala-lang.scala-library-2.11.8.jar:na]
	at scala.concurrent.impl.Promise$DefaultPromise.tryComplete(Promise.scala:248) [org.scala-lang.scala-library-2.11.8.jar:na]
	at scala.concurrent.Promise$class.complete(Promise.scala:55) [org.scala-lang.scala-library-2.11.8.jar:na]
	at scala.concurrent.impl.Promise$DefaultPromise.complete(Promise.scala:153) [org.scala-lang.scala-library-2.11.8.jar:na]
	at scala.concurrent.impl.Future$PromiseCompletingRunnable.run(Future.scala:23) [org.scala-lang.scala-library-2.11.8.jar:na]
	at akka.dispatch.TaskInvocation.run(AbstractDispatcher.scala:41) [com.typesafe.akka.akka-actor_2.11-2.3.4.jar:na]
	at akka.dispatch.ForkJoinExecutorConfigurator$AkkaForkJoinTask.exec(AbstractDispatcher.scala:393) [com.typesafe.akka.akka-actor_2.11-2.3.4.jar:na]
	at scala.concurrent.forkjoin.ForkJoinTask.doExec(ForkJoinTask.java:260) [org.scala-lang.scala-library-2.11.8.jar:na]
	at scala.concurrent.forkjoin.ForkJoinPool$WorkQueue.runTask(ForkJoinPool.java:1339) [org.scala-lang.scala-library-2.11.8.jar:na]
	at scala.concurrent.forkjoin.ForkJoinPool.runWorker(ForkJoinPool.java:1979) [org.scala-lang.scala-library-2.11.8.jar:na]
	at scala.concurrent.forkjoin.ForkJoinWorkerThread.run(ForkJoinWorkerThread.java:107) [org.scala-lang.scala-library-2.11.8.jar:na]
Caused by: java.util.NoSuchElementException: head of empty list
	at scala.collection.immutable.Nil$.head(List.scala:420) ~[org.scala-lang.scala-library-2.11.8.jar:na]
	at scala.collection.immutable.Nil$.head(List.scala:417) ~[org.scala-lang.scala-library-2.11.8.jar:na]
	at es.imim.phi.collector.model.database_eTOXOPS$$anonfun$GetJobExecutionDataForHistogram$2.apply(database_eTOXOPS.scala:628) ~[collector.collector-1.4.1.jar:1.4.1]
	at es.imim.phi.collector.model.database_eTOXOPS$$anonfun$GetJobExecutionDataForHistogram$2.apply(database_eTOXOPS.scala:612) ~[collector.collector-1.4.1.jar:1.4.1]
	at scala.util.DynamicVariable.withValue(DynamicVariable.scala:58) ~[org.scala-lang.scala-library-2.11.8.jar:na]
	at scala.slick.backend.DatabaseComponent$class.withDynamicSession(DatabaseComponent.scala:67) ~[com.typesafe.slick.slick_2.11-2.1.0.jar:na]
	at scala.slick.jdbc.JdbcBackend$.withDynamicSession(JdbcBackend.scala:448) ~[com.typesafe.slick.slick_2.11-2.1.0.jar:na]
	at scala.slick.backend.DatabaseComponent$DatabaseDef$$anonfun$withDynSession$1.apply(DatabaseComponent.scala:51) ~[com.typesafe.slick.slick_2.11-2.1.0.jar:na]
	at scala.slick.backend.DatabaseComponent$DatabaseDef$$anonfun$withDynSession$1.apply(DatabaseComponent.scala:51) ~[com.typesafe.slick.slick_2.11-2.1.0.jar:na]
	at scala.slick.backend.DatabaseComponent$DatabaseDef$class.withSession(DatabaseComponent.scala:34) ~[com.typesafe.slick.slick_2.11-2.1.0.jar:na]
	at scala.slick.jdbc.JdbcBackend$DatabaseFactoryDef$$anon$4.withSession(JdbcBackend.scala:61) ~[com.typesafe.slick.slick_2.11-2.1.0.jar:na]
	at scala.slick.backend.DatabaseComponent$DatabaseDef$class.withDynSession(DatabaseComponent.scala:51) ~[com.typesafe.slick.slick_2.11-2.1.0.jar:na]
	at scala.slick.jdbc.JdbcBackend$DatabaseFactoryDef$$anon$4.withDynSession(JdbcBackend.scala:61) ~[com.typesafe.slick.slick_2.11-2.1.0.jar:na]
	at es.imim.phi.collector.model.database_eTOXOPS$.GetJobExecutionDataForHistogram(database_eTOXOPS.scala:612) ~[collector.collector-1.4.1.jar:1.4.1]
	at controllers.Application$$anonfun$getJobStatisticsHistogram$1$$anonfun$apply$26.apply(Application.scala:215) ~[collector.collector-1.4.1.jar:1.4.1]
	at controllers.Application$$anonfun$getJobStatisticsHistogram$1$$anonfun$apply$26.apply(Application.scala:214) ~[collector.collector-1.4.1.jar:1.4.1]
	at scala.util.DynamicVariable.withValue(DynamicVariable.scala:58) ~[org.scala-lang.scala-library-2.11.8.jar:na]
	at scala.slick.backend.DatabaseComponent$class.withDynamicSession(DatabaseComponent.scala:67) ~[com.typesafe.slick.slick_2.11-2.1.0.jar:na]
	at scala.slick.jdbc.JdbcBackend$.withDynamicSession(JdbcBackend.scala:448) ~[com.typesafe.slick.slick_2.11-2.1.0.jar:na]
	at scala.slick.backend.DatabaseComponent$DatabaseDef$$anonfun$withDynSession$1.apply(DatabaseComponent.scala:51) ~[com.typesafe.slick.slick_2.11-2.1.0.jar:na]
	at scala.slick.backend.DatabaseComponent$DatabaseDef$$anonfun$withDynSession$1.apply(DatabaseComponent.scala:51) ~[com.typesafe.slick.slick_2.11-2.1.0.jar:na]
	at scala.slick.backend.DatabaseComponent$DatabaseDef$class.withSession(DatabaseComponent.scala:34) ~[com.typesafe.slick.slick_2.11-2.1.0.jar:na]
	at scala.slick.jdbc.JdbcBackend$DatabaseFactoryDef$$anon$4.withSession(JdbcBackend.scala:61) ~[com.typesafe.slick.slick_2.11-2.1.0.jar:na]
	at scala.slick.backend.DatabaseComponent$DatabaseDef$class.withDynSession(DatabaseComponent.scala:51) ~[com.typesafe.slick.slick_2.11-2.1.0.jar:na]
	at scala.slick.jdbc.JdbcBackend$DatabaseFactoryDef$$anon$4.withDynSession(JdbcBackend.scala:61) ~[com.typesafe.slick.slick_2.11-2.1.0.jar:na]
	at controllers.Application$$anonfun$getJobStatisticsHistogram$1.apply(Application.scala:214) ~[collector.collector-1.4.1.jar:1.4.1]
	at controllers.Application$$anonfun$getJobStatisticsHistogram$1.apply(Application.scala:209) ~[collector.collector-1.4.1.jar:1.4.1]
	at play.api.mvc.ActionBuilder$$anonfun$apply$17.apply(Action.scala:464) ~[com.typesafe.play.play_2.11-2.3.10.jar:2.3.10]
	at play.api.mvc.ActionBuilder$$anonfun$apply$17.apply(Action.scala:464) ~[com.typesafe.play.play_2.11-2.3.10.jar:2.3.10]
	at play.api.mvc.ActionBuilder$$anonfun$apply$16.apply(Action.scala:433) ~[com.typesafe.play.play_2.11-2.3.10.jar:2.3.10]
	at play.api.mvc.ActionBuilder$$anonfun$apply$16.apply(Action.scala:432) ~[com.typesafe.play.play_2.11-2.3.10.jar:2.3.10]
	at play.api.mvc.Action$.invokeBlock(Action.scala:556) ~[com.typesafe.play.play_2.11-2.3.10.jar:2.3.10]
	at play.api.mvc.Action$.invokeBlock(Action.scala:555) ~[com.typesafe.play.play_2.11-2.3.10.jar:2.3.10]
	at play.api.mvc.ActionBuilder$$anon$1.apply(Action.scala:518) ~[com.typesafe.play.play_2.11-2.3.10.jar:2.3.10]
	at play.api.mvc.Action$$anonfun$apply$1$$anonfun$apply$4$$anonfun$apply$5.apply(Action.scala:130) ~[com.typesafe.play.play_2.11-2.3.10.jar:2.3.10]
	at play.api.mvc.Action$$anonfun$apply$1$$anonfun$apply$4$$anonfun$apply$5.apply(Action.scala:130) ~[com.typesafe.play.play_2.11-2.3.10.jar:2.3.10]
	at play.utils.Threads$.withContextClassLoader(Threads.scala:21) ~[com.typesafe.play.play_2.11-2.3.10.jar:2.3.10]
	at play.api.mvc.Action$$anonfun$apply$1$$anonfun$apply$4.apply(Action.scala:129) ~[com.typesafe.play.play_2.11-2.3.10.jar:2.3.10]
	at play.api.mvc.Action$$anonfun$apply$1$$anonfun$apply$4.apply(Action.scala:128) ~[com.typesafe.play.play_2.11-2.3.10.jar:2.3.10]
	at scala.Option.map(Option.scala:146) ~[org.scala-lang.scala-library-2.11.8.jar:na]
	at play.api.mvc.Action$$anonfun$apply$1.apply(Action.scala:128) ~[com.typesafe.play.play_2.11-2.3.10.jar:2.3.10]
	at play.api.mvc.Action$$anonfun$apply$1.apply(Action.scala:121) ~[com.typesafe.play.play_2.11-2.3.10.jar:2.3.10]
	at play.api.libs.iteratee.DoneIteratee$$anonfun$mapM$2.apply(Iteratee.scala:705) ~[com.typesafe.play.play-iteratees_2.11-2.3.10.jar:2.3.10]
	at play.api.libs.iteratee.DoneIteratee$$anonfun$mapM$2.apply(Iteratee.scala:705) ~[com.typesafe.play.play-iteratees_2.11-2.3.10.jar:2.3.10]
	at scala.concurrent.impl.Future$PromiseCompletingRunnable.liftedTree1$1(Future.scala:24) [org.scala-lang.scala-library-2.11.8.jar:na]
	at scala.concurrent.impl.Future$PromiseCompletingRunnable.run(Future.scala:24) [org.scala-lang.scala-library-2.11.8.jar:na]
	... 6 common frames omitted

2016-05-31 12:36:10,281 - [ERROR] - from application in New I/O worker #1 


! Internal server error, for (GET) [/] ->

java.lang.ExceptionInInitializerError: null
	at Routes$$anonfun$routes$1$$anonfun$applyOrElse$1$$anonfun$apply$1.apply(routes_routing.scala:234) ~[collector.collector-1.4.1.jar:na]
	at Routes$$anonfun$routes$1$$anonfun$applyOrElse$1$$anonfun$apply$1.apply(routes_routing.scala:234) ~[collector.collector-1.4.1.jar:na]
	at play.core.Router$HandlerInvokerFactory$$anon$13$$anon$14.call(Router.scala:217) ~[com.typesafe.play.play_2.11-2.3.10.jar:2.3.10]
	at play.core.Router$Routes$TaggingInvoker.call(Router.scala:464) ~[com.typesafe.play.play_2.11-2.3.10.jar:2.3.10]
	at Routes$$anonfun$routes$1$$anonfun$applyOrElse$1.apply(routes_routing.scala:234) ~[collector.collector-1.4.1.jar:na]
	at Routes$$anonfun$routes$1$$anonfun$applyOrElse$1.apply(routes_routing.scala:234) ~[collector.collector-1.4.1.jar:na]
	at play.core.Router$Routes$class.call(Router.scala:326) ~[com.typesafe.play.play_2.11-2.3.10.jar:2.3.10]
	at Routes$.call(routes_routing.scala:17) ~[collector.collector-1.4.1.jar:na]
	at Routes$$anonfun$routes$1.applyOrElse(routes_routing.scala:233) ~[collector.collector-1.4.1.jar:na]
	at Routes$$anonfun$routes$1.applyOrElse(routes_routing.scala:229) ~[collector.collector-1.4.1.jar:na]
	at scala.PartialFunction$Lifted.apply(PartialFunction.scala:223) ~[org.scala-lang.scala-library-2.11.8.jar:na]
	at scala.PartialFunction$Lifted.apply(PartialFunction.scala:219) ~[org.scala-lang.scala-library-2.11.8.jar:na]
	at play.core.Router$Routes$class.handlerFor(Router.scala:454) ~[com.typesafe.play.play_2.11-2.3.10.jar:2.3.10]
	at Routes$.handlerFor(routes_routing.scala:17) ~[collector.collector-1.4.1.jar:na]
	at play.api.GlobalSettings$$anonfun$onRouteRequest$1$$anonfun$apply$1.apply(GlobalSettings.scala:128) ~[com.typesafe.play.play_2.11-2.3.10.jar:2.3.10]
	at play.api.GlobalSettings$$anonfun$onRouteRequest$1$$anonfun$apply$1.apply(GlobalSettings.scala:127) ~[com.typesafe.play.play_2.11-2.3.10.jar:2.3.10]
	at scala.Option.flatMap(Option.scala:171) ~[org.scala-lang.scala-library-2.11.8.jar:na]
	at play.api.GlobalSettings$$anonfun$onRouteRequest$1.apply(GlobalSettings.scala:126) ~[com.typesafe.play.play_2.11-2.3.10.jar:2.3.10]
	at play.api.GlobalSettings$$anonfun$onRouteRequest$1.apply(GlobalSettings.scala:126) ~[com.typesafe.play.play_2.11-2.3.10.jar:2.3.10]
	at scala.Option.flatMap(Option.scala:171) ~[org.scala-lang.scala-library-2.11.8.jar:na]
	at play.api.GlobalSettings$class.onRouteRequest(GlobalSettings.scala:126) ~[com.typesafe.play.play_2.11-2.3.10.jar:2.3.10]
	at play.api.DefaultGlobal$.onRouteRequest(GlobalSettings.scala:206) ~[com.typesafe.play.play_2.11-2.3.10.jar:2.3.10]
	at play.api.GlobalSettings$class.onRequestReceived(GlobalSettings.scala:81) ~[com.typesafe.play.play_2.11-2.3.10.jar:2.3.10]
	at play.api.DefaultGlobal$.onRequestReceived(GlobalSettings.scala:206) ~[com.typesafe.play.play_2.11-2.3.10.jar:2.3.10]
	at play.core.server.Server$$anonfun$sendHandler$1$1.apply(Server.scala:40) ~[com.typesafe.play.play_2.11-2.3.10.jar:2.3.10]
	at play.core.server.Server$$anonfun$sendHandler$1$1.apply(Server.scala:39) ~[com.typesafe.play.play_2.11-2.3.10.jar:2.3.10]
	at scala.util.Success$$anonfun$map$1.apply(Try.scala:237) ~[org.scala-lang.scala-library-2.11.8.jar:na]
	at scala.util.Try$.apply(Try.scala:192) ~[org.scala-lang.scala-library-2.11.8.jar:na]
	at scala.util.Success.map(Try.scala:237) ~[org.scala-lang.scala-library-2.11.8.jar:na]
	at play.core.server.Server$class.sendHandler$1(Server.scala:39) [com.typesafe.play.play_2.11-2.3.10.jar:2.3.10]
	at play.core.server.Server$$anonfun$getHandlerFor$4.apply(Server.scala:72) [com.typesafe.play.play_2.11-2.3.10.jar:2.3.10]
	at play.core.server.Server$$anonfun$getHandlerFor$4.apply(Server.scala:71) [com.typesafe.play.play_2.11-2.3.10.jar:2.3.10]
	at scala.util.Either$RightProjection.flatMap(Either.scala:522) [org.scala-lang.scala-library-2.11.8.jar:na]
	at play.core.server.Server$class.getHandlerFor(Server.scala:71) [com.typesafe.play.play_2.11-2.3.10.jar:2.3.10]
	at play.core.server.NettyServer.getHandlerFor(NettyServer.scala:39) [com.typesafe.play.play_2.11-2.3.10.jar:2.3.10]
	at play.core.server.netty.PlayDefaultUpstreamHandler$$anonfun$10.apply(PlayDefaultUpstreamHandler.scala:157) [com.typesafe.play.play_2.11-2.3.10.jar:2.3.10]
	at play.core.server.netty.PlayDefaultUpstreamHandler$$anonfun$10.apply(PlayDefaultUpstreamHandler.scala:157) [com.typesafe.play.play_2.11-2.3.10.jar:2.3.10]
	at scala.util.Either.fold(Either.scala:99) [org.scala-lang.scala-library-2.11.8.jar:na]
	at play.core.server.netty.PlayDefaultUpstreamHandler.messageReceived(PlayDefaultUpstreamHandler.scala:142) [com.typesafe.play.play_2.11-2.3.10.jar:2.3.10]
	at org.jboss.netty.channel.SimpleChannelUpstreamHandler.handleUpstream(SimpleChannelUpstreamHandler.java:70) [io.netty.netty-3.9.9.Final.jar:na]
	at org.jboss.netty.channel.DefaultChannelPipeline.sendUpstream(DefaultChannelPipeline.java:564) [io.netty.netty-3.9.9.Final.jar:na]
	at org.jboss.netty.channel.DefaultChannelPipeline$DefaultChannelHandlerContext.sendUpstream(DefaultChannelPipeline.java:791) [io.netty.netty-3.9.9.Final.jar:na]
	at com.typesafe.netty.http.pipelining.HttpPipeliningHandler.messageReceived(HttpPipeliningHandler.java:62) [com.typesafe.netty.netty-http-pipelining-1.1.2.jar:na]
	at org.jboss.netty.channel.SimpleChannelHandler.handleUpstream(SimpleChannelHandler.java:88) [io.netty.netty-3.9.9.Final.jar:na]
	at org.jboss.netty.channel.DefaultChannelPipeline.sendUpstream(DefaultChannelPipeline.java:564) [io.netty.netty-3.9.9.Final.jar:na]
	at org.jboss.netty.channel.DefaultChannelPipeline$DefaultChannelHandlerContext.sendUpstream(DefaultChannelPipeline.java:791) [io.netty.netty-3.9.9.Final.jar:na]
	at org.jboss.netty.handler.codec.http.HttpContentDecoder.messageReceived(HttpContentDecoder.java:108) [io.netty.netty-3.9.9.Final.jar:na]
	at org.jboss.netty.channel.SimpleChannelUpstreamHandler.handleUpstream(SimpleChannelUpstreamHandler.java:70) [io.netty.netty-3.9.9.Final.jar:na]
	at org.jboss.netty.channel.DefaultChannelPipeline.sendUpstream(DefaultChannelPipeline.java:564) [io.netty.netty-3.9.9.Final.jar:na]
	at org.jboss.netty.channel.DefaultChannelPipeline$DefaultChannelHandlerContext.sendUpstream(DefaultChannelPipeline.java:791) [io.netty.netty-3.9.9.Final.jar:na]
	at org.jboss.netty.channel.Channels.fireMessageReceived(Channels.java:296) [io.netty.netty-3.9.9.Final.jar:na]
	at org.jboss.netty.handler.codec.frame.FrameDecoder.unfoldAndFireMessageReceived(FrameDecoder.java:459) [io.netty.netty-3.9.9.Final.jar:na]
	at org.jboss.netty.handler.codec.replay.ReplayingDecoder.callDecode(ReplayingDecoder.java:536) [io.netty.netty-3.9.9.Final.jar:na]
	at org.jboss.netty.handler.codec.replay.ReplayingDecoder.messageReceived(ReplayingDecoder.java:435) [io.netty.netty-3.9.9.Final.jar:na]
	at org.jboss.netty.channel.SimpleChannelUpstreamHandler.handleUpstream(SimpleChannelUpstreamHandler.java:70) [io.netty.netty-3.9.9.Final.jar:na]
	at org.jboss.netty.channel.DefaultChannelPipeline.sendUpstream(DefaultChannelPipeline.java:564) [io.netty.netty-3.9.9.Final.jar:na]
	at org.jboss.netty.channel.DefaultChannelPipeline.sendUpstream(DefaultChannelPipeline.java:559) [io.netty.netty-3.9.9.Final.jar:na]
	at org.jboss.netty.channel.Channels.fireMessageReceived(Channels.java:268) [io.netty.netty-3.9.9.Final.jar:na]
	at org.jboss.netty.channel.Channels.fireMessageReceived(Channels.java:255) [io.netty.netty-3.9.9.Final.jar:na]
	at org.jboss.netty.channel.socket.nio.NioWorker.read(NioWorker.java:88) [io.netty.netty-3.9.9.Final.jar:na]
	at org.jboss.netty.channel.socket.nio.AbstractNioWorker.process(AbstractNioWorker.java:108) [io.netty.netty-3.9.9.Final.jar:na]
	at org.jboss.netty.channel.socket.nio.AbstractNioSelector.run(AbstractNioSelector.java:337) [io.netty.netty-3.9.9.Final.jar:na]
	at org.jboss.netty.channel.socket.nio.AbstractNioWorker.run(AbstractNioWorker.java:89) [io.netty.netty-3.9.9.Final.jar:na]
	at org.jboss.netty.channel.socket.nio.NioWorker.run(NioWorker.java:178) [io.netty.netty-3.9.9.Final.jar:na]
	at org.jboss.netty.util.ThreadRenamingRunnable.run(ThreadRenamingRunnable.java:108) [io.netty.netty-3.9.9.Final.jar:na]
	at org.jboss.netty.util.internal.DeadLockProofWorker$1.run(DeadLockProofWorker.java:42) [io.netty.netty-3.9.9.Final.jar:na]
	at java.util.concurrent.ThreadPoolExecutor.runWorker(ThreadPoolExecutor.java:1142) [na:1.8.0_66]
	at java.util.concurrent.ThreadPoolExecutor$Worker.run(ThreadPoolExecutor.java:617) [na:1.8.0_66]
	at java.lang.Thread.run(Thread.java:745) [na:1.8.0_66]
Caused by: java.lang.NullPointerException: null
	at java.net.URI$Parser.parse(URI.java:3042) ~[na:1.8.0_66]
	at java.net.URI.<init>(URI.java:588) ~[na:1.8.0_66]
	at es.imim.phi.collector.engine.ExtractionEngine$.readProperties(ExtractionEngine.scala:95) ~[collector.collector-1.4.1.jar:1.4.1]
	at es.imim.phi.collector.engine.ExtractionEngine$.initEngine(ExtractionEngine.scala:81) ~[collector.collector-1.4.1.jar:1.4.1]
	at controllers.Application$.<init>(Application.scala:67) ~[collector.collector-1.4.1.jar:1.4.1]
	at controllers.Application$.<clinit>(Application.scala) ~[collector.collector-1.4.1.jar:1.4.1]
	... 69 common frames omitted

2016-05-31 12:36:10,299 - [ERROR] - from application in New I/O worker #1 
Error while rendering default error page
scala.MatchError: java.lang.ExceptionInInitializerError (of class java.lang.ExceptionInInitializerError)
	at play.api.GlobalSettings$class.onError(GlobalSettings.scala:148) ~[com.typesafe.play.play_2.11-2.3.10.jar:2.3.10]
	at play.api.DefaultGlobal$.onError(GlobalSettings.scala:206) [com.typesafe.play.play_2.11-2.3.10.jar:2.3.10]
	at play.core.server.Server$class.logExceptionAndGetResult$1(Server.scala:63) [com.typesafe.play.play_2.11-2.3.10.jar:2.3.10]
	at play.core.server.Server$$anonfun$getHandlerFor$4.apply(Server.scala:73) [com.typesafe.play.play_2.11-2.3.10.jar:2.3.10]
	at play.core.server.Server$$anonfun$getHandlerFor$4.apply(Server.scala:71) [com.typesafe.play.play_2.11-2.3.10.jar:2.3.10]
	at scala.util.Either$RightProjection.flatMap(Either.scala:522) [org.scala-lang.scala-library-2.11.8.jar:na]
	at play.core.server.Server$class.getHandlerFor(Server.scala:71) [com.typesafe.play.play_2.11-2.3.10.jar:2.3.10]
	at play.core.server.NettyServer.getHandlerFor(NettyServer.scala:39) [com.typesafe.play.play_2.11-2.3.10.jar:2.3.10]
	at play.core.server.netty.PlayDefaultUpstreamHandler$$anonfun$10.apply(PlayDefaultUpstreamHandler.scala:157) [com.typesafe.play.play_2.11-2.3.10.jar:2.3.10]
	at play.core.server.netty.PlayDefaultUpstreamHandler$$anonfun$10.apply(PlayDefaultUpstreamHandler.scala:157) [com.typesafe.play.play_2.11-2.3.10.jar:2.3.10]
	at scala.util.Either.fold(Either.scala:99) [org.scala-lang.scala-library-2.11.8.jar:na]
	at play.core.server.netty.PlayDefaultUpstreamHandler.messageReceived(PlayDefaultUpstreamHandler.scala:142) [com.typesafe.play.play_2.11-2.3.10.jar:2.3.10]
	at org.jboss.netty.channel.SimpleChannelUpstreamHandler.handleUpstream(SimpleChannelUpstreamHandler.java:70) [io.netty.netty-3.9.9.Final.jar:na]
	at org.jboss.netty.channel.DefaultChannelPipeline.sendUpstream(DefaultChannelPipeline.java:564) [io.netty.netty-3.9.9.Final.jar:na]
	at org.jboss.netty.channel.DefaultChannelPipeline$DefaultChannelHandlerContext.sendUpstream(DefaultChannelPipeline.java:791) [io.netty.netty-3.9.9.Final.jar:na]
	at com.typesafe.netty.http.pipelining.HttpPipeliningHandler.messageReceived(HttpPipeliningHandler.java:62) [com.typesafe.netty.netty-http-pipelining-1.1.2.jar:na]
	at org.jboss.netty.channel.SimpleChannelHandler.handleUpstream(SimpleChannelHandler.java:88) [io.netty.netty-3.9.9.Final.jar:na]
	at org.jboss.netty.channel.DefaultChannelPipeline.sendUpstream(DefaultChannelPipeline.java:564) [io.netty.netty-3.9.9.Final.jar:na]
	at org.jboss.netty.channel.DefaultChannelPipeline$DefaultChannelHandlerContext.sendUpstream(DefaultChannelPipeline.java:791) [io.netty.netty-3.9.9.Final.jar:na]
	at org.jboss.netty.handler.codec.http.HttpContentDecoder.messageReceived(HttpContentDecoder.java:108) [io.netty.netty-3.9.9.Final.jar:na]
	at org.jboss.netty.channel.SimpleChannelUpstreamHandler.handleUpstream(SimpleChannelUpstreamHandler.java:70) [io.netty.netty-3.9.9.Final.jar:na]
	at org.jboss.netty.channel.DefaultChannelPipeline.sendUpstream(DefaultChannelPipeline.java:564) [io.netty.netty-3.9.9.Final.jar:na]
	at org.jboss.netty.channel.DefaultChannelPipeline$DefaultChannelHandlerContext.sendUpstream(DefaultChannelPipeline.java:791) [io.netty.netty-3.9.9.Final.jar:na]
	at org.jboss.netty.channel.Channels.fireMessageReceived(Channels.java:296) [io.netty.netty-3.9.9.Final.jar:na]
	at org.jboss.netty.handler.codec.frame.FrameDecoder.unfoldAndFireMessageReceived(FrameDecoder.java:459) [io.netty.netty-3.9.9.Final.jar:na]
	at org.jboss.netty.handler.codec.replay.ReplayingDecoder.callDecode(ReplayingDecoder.java:536) [io.netty.netty-3.9.9.Final.jar:na]
	at org.jboss.netty.handler.codec.replay.ReplayingDecoder.messageReceived(ReplayingDecoder.java:435) [io.netty.netty-3.9.9.Final.jar:na]
	at org.jboss.netty.channel.SimpleChannelUpstreamHandler.handleUpstream(SimpleChannelUpstreamHandler.java:70) [io.netty.netty-3.9.9.Final.jar:na]
	at org.jboss.netty.channel.DefaultChannelPipeline.sendUpstream(DefaultChannelPipeline.java:564) [io.netty.netty-3.9.9.Final.jar:na]
	at org.jboss.netty.channel.DefaultChannelPipeline.sendUpstream(DefaultChannelPipeline.java:559) [io.netty.netty-3.9.9.Final.jar:na]
	at org.jboss.netty.channel.Channels.fireMessageReceived(Channels.java:268) [io.netty.netty-3.9.9.Final.jar:na]
	at org.jboss.netty.channel.Channels.fireMessageReceived(Channels.java:255) [io.netty.netty-3.9.9.Final.jar:na]
	at org.jboss.netty.channel.socket.nio.NioWorker.read(NioWorker.java:88) [io.netty.netty-3.9.9.Final.jar:na]
	at org.jboss.netty.channel.socket.nio.AbstractNioWorker.process(AbstractNioWorker.java:108) [io.netty.netty-3.9.9.Final.jar:na]
	at org.jboss.netty.channel.socket.nio.AbstractNioSelector.run(AbstractNioSelector.java:337) [io.netty.netty-3.9.9.Final.jar:na]
	at org.jboss.netty.channel.socket.nio.AbstractNioWorker.run(AbstractNioWorker.java:89) [io.netty.netty-3.9.9.Final.jar:na]
	at org.jboss.netty.channel.socket.nio.NioWorker.run(NioWorker.java:178) [io.netty.netty-3.9.9.Final.jar:na]
	at org.jboss.netty.util.ThreadRenamingRunnable.run(ThreadRenamingRunnable.java:108) [io.netty.netty-3.9.9.Final.jar:na]
	at org.jboss.netty.util.internal.DeadLockProofWorker$1.run(DeadLockProofWorker.java:42) [io.netty.netty-3.9.9.Final.jar:na]
	at java.util.concurrent.ThreadPoolExecutor.runWorker(ThreadPoolExecutor.java:1142) [na:1.8.0_66]
	at java.util.concurrent.ThreadPoolExecutor$Worker.run(ThreadPoolExecutor.java:617) [na:1.8.0_66]
	at java.lang.Thread.run(Thread.java:745) [na:1.8.0_66]

2016-05-31 12:36:10,688 - [ERROR] - from application in New I/O worker #2 


! Internal server error, for (GET) [/data/jobexecutions?_dc=1464690970634&page=1&start=0&limit=25&filter=%5B%7B%22property%22%3A%22job_id%22%2C%22value%22%3A%22116%22%7D%5D] ->

java.lang.NoClassDefFoundError: Could not initialize class controllers.Application$
	at Routes$$anonfun$routes$1$$anonfun$applyOrElse$8$$anonfun$apply$8.apply(routes_routing.scala:290) ~[collector.collector-1.4.1.jar:na]
	at Routes$$anonfun$routes$1$$anonfun$applyOrElse$8$$anonfun$apply$8.apply(routes_routing.scala:290) ~[collector.collector-1.4.1.jar:na]
	at play.core.Router$HandlerInvokerFactory$$anon$13$$anon$14.call(Router.scala:217) ~[com.typesafe.play.play_2.11-2.3.10.jar:2.3.10]
	at play.core.Router$Routes$TaggingInvoker.call(Router.scala:464) ~[com.typesafe.play.play_2.11-2.3.10.jar:2.3.10]
	at Routes$$anonfun$routes$1$$anonfun$applyOrElse$8.apply(routes_routing.scala:290) ~[collector.collector-1.4.1.jar:na]
	at Routes$$anonfun$routes$1$$anonfun$applyOrElse$8.apply(routes_routing.scala:289) ~[collector.collector-1.4.1.jar:na]
	at scala.util.Either.fold(Either.scala:99) [org.scala-lang.scala-library-2.11.8.jar:na]
	at play.core.Router$Routes$class.call(Router.scala:330) ~[com.typesafe.play.play_2.11-2.3.10.jar:2.3.10]
	at Routes$.call(routes_routing.scala:17) ~[collector.collector-1.4.1.jar:na]
	at Routes$$anonfun$routes$1.applyOrElse(routes_routing.scala:289) ~[collector.collector-1.4.1.jar:na]
	at Routes$$anonfun$routes$1.applyOrElse(routes_routing.scala:229) ~[collector.collector-1.4.1.jar:na]
	at scala.PartialFunction$Lifted.apply(PartialFunction.scala:223) ~[org.scala-lang.scala-library-2.11.8.jar:na]
	at scala.PartialFunction$Lifted.apply(PartialFunction.scala:219) ~[org.scala-lang.scala-library-2.11.8.jar:na]
	at play.core.Router$Routes$class.handlerFor(Router.scala:454) ~[com.typesafe.play.play_2.11-2.3.10.jar:2.3.10]
	at Routes$.handlerFor(routes_routing.scala:17) ~[collector.collector-1.4.1.jar:na]
	at play.api.GlobalSettings$$anonfun$onRouteRequest$1$$anonfun$apply$1.apply(GlobalSettings.scala:128) ~[com.typesafe.play.play_2.11-2.3.10.jar:2.3.10]
	at play.api.GlobalSettings$$anonfun$onRouteRequest$1$$anonfun$apply$1.apply(GlobalSettings.scala:127) ~[com.typesafe.play.play_2.11-2.3.10.jar:2.3.10]
	at scala.Option.flatMap(Option.scala:171) ~[org.scala-lang.scala-library-2.11.8.jar:na]
	at play.api.GlobalSettings$$anonfun$onRouteRequest$1.apply(GlobalSettings.scala:126) ~[com.typesafe.play.play_2.11-2.3.10.jar:2.3.10]
	at play.api.GlobalSettings$$anonfun$onRouteRequest$1.apply(GlobalSettings.scala:126) ~[com.typesafe.play.play_2.11-2.3.10.jar:2.3.10]
	at scala.Option.flatMap(Option.scala:171) ~[org.scala-lang.scala-library-2.11.8.jar:na]
	at play.api.GlobalSettings$class.onRouteRequest(GlobalSettings.scala:126) ~[com.typesafe.play.play_2.11-2.3.10.jar:2.3.10]
	at play.api.DefaultGlobal$.onRouteRequest(GlobalSettings.scala:206) ~[com.typesafe.play.play_2.11-2.3.10.jar:2.3.10]
	at play.api.GlobalSettings$class.onRequestReceived(GlobalSettings.scala:81) ~[com.typesafe.play.play_2.11-2.3.10.jar:2.3.10]
	at play.api.DefaultGlobal$.onRequestReceived(GlobalSettings.scala:206) ~[com.typesafe.play.play_2.11-2.3.10.jar:2.3.10]
	at play.core.server.Server$$anonfun$sendHandler$1$1.apply(Server.scala:40) ~[com.typesafe.play.play_2.11-2.3.10.jar:2.3.10]
	at play.core.server.Server$$anonfun$sendHandler$1$1.apply(Server.scala:39) ~[com.typesafe.play.play_2.11-2.3.10.jar:2.3.10]
	at scala.util.Success$$anonfun$map$1.apply(Try.scala:237) ~[org.scala-lang.scala-library-2.11.8.jar:na]
	at scala.util.Try$.apply(Try.scala:192) ~[org.scala-lang.scala-library-2.11.8.jar:na]
	at scala.util.Success.map(Try.scala:237) ~[org.scala-lang.scala-library-2.11.8.jar:na]
	at play.core.server.Server$class.sendHandler$1(Server.scala:39) [com.typesafe.play.play_2.11-2.3.10.jar:2.3.10]
	at play.core.server.Server$$anonfun$getHandlerFor$4.apply(Server.scala:72) [com.typesafe.play.play_2.11-2.3.10.jar:2.3.10]
	at play.core.server.Server$$anonfun$getHandlerFor$4.apply(Server.scala:71) [com.typesafe.play.play_2.11-2.3.10.jar:2.3.10]
	at scala.util.Either$RightProjection.flatMap(Either.scala:522) [org.scala-lang.scala-library-2.11.8.jar:na]
	at play.core.server.Server$class.getHandlerFor(Server.scala:71) [com.typesafe.play.play_2.11-2.3.10.jar:2.3.10]
	at play.core.server.NettyServer.getHandlerFor(NettyServer.scala:39) [com.typesafe.play.play_2.11-2.3.10.jar:2.3.10]
	at play.core.server.netty.PlayDefaultUpstreamHandler$$anonfun$10.apply(PlayDefaultUpstreamHandler.scala:157) [com.typesafe.play.play_2.11-2.3.10.jar:2.3.10]
	at play.core.server.netty.PlayDefaultUpstreamHandler$$anonfun$10.apply(PlayDefaultUpstreamHandler.scala:157) [com.typesafe.play.play_2.11-2.3.10.jar:2.3.10]
	at scala.util.Either.fold(Either.scala:99) [org.scala-lang.scala-library-2.11.8.jar:na]
	at play.core.server.netty.PlayDefaultUpstreamHandler.messageReceived(PlayDefaultUpstreamHandler.scala:142) [com.typesafe.play.play_2.11-2.3.10.jar:2.3.10]
	at org.jboss.netty.channel.SimpleChannelUpstreamHandler.handleUpstream(SimpleChannelUpstreamHandler.java:70) [io.netty.netty-3.9.9.Final.jar:na]
	at org.jboss.netty.channel.DefaultChannelPipeline.sendUpstream(DefaultChannelPipeline.java:564) [io.netty.netty-3.9.9.Final.jar:na]
	at org.jboss.netty.channel.DefaultChannelPipeline$DefaultChannelHandlerContext.sendUpstream(DefaultChannelPipeline.java:791) [io.netty.netty-3.9.9.Final.jar:na]
	at com.typesafe.netty.http.pipelining.HttpPipeliningHandler.messageReceived(HttpPipeliningHandler.java:62) [com.typesafe.netty.netty-http-pipelining-1.1.2.jar:na]
	at org.jboss.netty.channel.SimpleChannelHandler.handleUpstream(SimpleChannelHandler.java:88) [io.netty.netty-3.9.9.Final.jar:na]
	at org.jboss.netty.channel.DefaultChannelPipeline.sendUpstream(DefaultChannelPipeline.java:564) [io.netty.netty-3.9.9.Final.jar:na]
	at org.jboss.netty.channel.DefaultChannelPipeline$DefaultChannelHandlerContext.sendUpstream(DefaultChannelPipeline.java:791) [io.netty.netty-3.9.9.Final.jar:na]
	at org.jboss.netty.handler.codec.http.HttpContentDecoder.messageReceived(HttpContentDecoder.java:108) [io.netty.netty-3.9.9.Final.jar:na]
	at org.jboss.netty.channel.SimpleChannelUpstreamHandler.handleUpstream(SimpleChannelUpstreamHandler.java:70) [io.netty.netty-3.9.9.Final.jar:na]
	at org.jboss.netty.channel.DefaultChannelPipeline.sendUpstream(DefaultChannelPipeline.java:564) [io.netty.netty-3.9.9.Final.jar:na]
	at org.jboss.netty.channel.DefaultChannelPipeline$DefaultChannelHandlerContext.sendUpstream(DefaultChannelPipeline.java:791) [io.netty.netty-3.9.9.Final.jar:na]
	at org.jboss.netty.channel.Channels.fireMessageReceived(Channels.java:296) [io.netty.netty-3.9.9.Final.jar:na]
	at org.jboss.netty.handler.codec.frame.FrameDecoder.unfoldAndFireMessageReceived(FrameDecoder.java:459) [io.netty.netty-3.9.9.Final.jar:na]
	at org.jboss.netty.handler.codec.replay.ReplayingDecoder.callDecode(ReplayingDecoder.java:536) [io.netty.netty-3.9.9.Final.jar:na]
	at org.jboss.netty.handler.codec.replay.ReplayingDecoder.messageReceived(ReplayingDecoder.java:435) [io.netty.netty-3.9.9.Final.jar:na]
	at org.jboss.netty.channel.SimpleChannelUpstreamHandler.handleUpstream(SimpleChannelUpstreamHandler.java:70) [io.netty.netty-3.9.9.Final.jar:na]
	at org.jboss.netty.channel.DefaultChannelPipeline.sendUpstream(DefaultChannelPipeline.java:564) [io.netty.netty-3.9.9.Final.jar:na]
	at org.jboss.netty.channel.DefaultChannelPipeline.sendUpstream(DefaultChannelPipeline.java:559) [io.netty.netty-3.9.9.Final.jar:na]
	at org.jboss.netty.channel.Channels.fireMessageReceived(Channels.java:268) [io.netty.netty-3.9.9.Final.jar:na]
	at org.jboss.netty.channel.Channels.fireMessageReceived(Channels.java:255) [io.netty.netty-3.9.9.Final.jar:na]
	at org.jboss.netty.channel.socket.nio.NioWorker.read(NioWorker.java:88) [io.netty.netty-3.9.9.Final.jar:na]
	at org.jboss.netty.channel.socket.nio.AbstractNioWorker.process(AbstractNioWorker.java:108) [io.netty.netty-3.9.9.Final.jar:na]
	at org.jboss.netty.channel.socket.nio.AbstractNioSelector.run(AbstractNioSelector.java:337) [io.netty.netty-3.9.9.Final.jar:na]
	at org.jboss.netty.channel.socket.nio.AbstractNioWorker.run(AbstractNioWorker.java:89) [io.netty.netty-3.9.9.Final.jar:na]
	at org.jboss.netty.channel.socket.nio.NioWorker.run(NioWorker.java:178) [io.netty.netty-3.9.9.Final.jar:na]
	at org.jboss.netty.util.ThreadRenamingRunnable.run(ThreadRenamingRunnable.java:108) [io.netty.netty-3.9.9.Final.jar:na]
	at org.jboss.netty.util.internal.DeadLockProofWorker$1.run(DeadLockProofWorker.java:42) [io.netty.netty-3.9.9.Final.jar:na]
	at java.util.concurrent.ThreadPoolExecutor.runWorker(ThreadPoolExecutor.java:1142) [na:1.8.0_66]
	at java.util.concurrent.ThreadPoolExecutor$Worker.run(ThreadPoolExecutor.java:617) [na:1.8.0_66]
	at java.lang.Thread.run(Thread.java:745) [na:1.8.0_66]

2016-05-31 12:36:10,692 - [ERROR] - from application in New I/O worker #2 
Error while rendering default error page
scala.MatchError: java.lang.NoClassDefFoundError: Could not initialize class controllers.Application$ (of class java.lang.NoClassDefFoundError)
	at play.api.GlobalSettings$class.onError(GlobalSettings.scala:148) ~[com.typesafe.play.play_2.11-2.3.10.jar:2.3.10]
	at play.api.DefaultGlobal$.onError(GlobalSettings.scala:206) [com.typesafe.play.play_2.11-2.3.10.jar:2.3.10]
	at play.core.server.Server$class.logExceptionAndGetResult$1(Server.scala:63) [com.typesafe.play.play_2.11-2.3.10.jar:2.3.10]
	at play.core.server.Server$$anonfun$getHandlerFor$4.apply(Server.scala:73) [com.typesafe.play.play_2.11-2.3.10.jar:2.3.10]
	at play.core.server.Server$$anonfun$getHandlerFor$4.apply(Server.scala:71) [com.typesafe.play.play_2.11-2.3.10.jar:2.3.10]
	at scala.util.Either$RightProjection.flatMap(Either.scala:522) [org.scala-lang.scala-library-2.11.8.jar:na]
	at play.core.server.Server$class.getHandlerFor(Server.scala:71) [com.typesafe.play.play_2.11-2.3.10.jar:2.3.10]
	at play.core.server.NettyServer.getHandlerFor(NettyServer.scala:39) [com.typesafe.play.play_2.11-2.3.10.jar:2.3.10]
	at play.core.server.netty.PlayDefaultUpstreamHandler$$anonfun$10.apply(PlayDefaultUpstreamHandler.scala:157) [com.typesafe.play.play_2.11-2.3.10.jar:2.3.10]
	at play.core.server.netty.PlayDefaultUpstreamHandler$$anonfun$10.apply(PlayDefaultUpstreamHandler.scala:157) [com.typesafe.play.play_2.11-2.3.10.jar:2.3.10]
	at scala.util.Either.fold(Either.scala:99) [org.scala-lang.scala-library-2.11.8.jar:na]
	at play.core.server.netty.PlayDefaultUpstreamHandler.messageReceived(PlayDefaultUpstreamHandler.scala:142) [com.typesafe.play.play_2.11-2.3.10.jar:2.3.10]
	at org.jboss.netty.channel.SimpleChannelUpstreamHandler.handleUpstream(SimpleChannelUpstreamHandler.java:70) [io.netty.netty-3.9.9.Final.jar:na]
	at org.jboss.netty.channel.DefaultChannelPipeline.sendUpstream(DefaultChannelPipeline.java:564) [io.netty.netty-3.9.9.Final.jar:na]
	at org.jboss.netty.channel.DefaultChannelPipeline$DefaultChannelHandlerContext.sendUpstream(DefaultChannelPipeline.java:791) [io.netty.netty-3.9.9.Final.jar:na]
	at com.typesafe.netty.http.pipelining.HttpPipeliningHandler.messageReceived(HttpPipeliningHandler.java:62) [com.typesafe.netty.netty-http-pipelining-1.1.2.jar:na]
	at org.jboss.netty.channel.SimpleChannelHandler.handleUpstream(SimpleChannelHandler.java:88) [io.netty.netty-3.9.9.Final.jar:na]
	at org.jboss.netty.channel.DefaultChannelPipeline.sendUpstream(DefaultChannelPipeline.java:564) [io.netty.netty-3.9.9.Final.jar:na]
	at org.jboss.netty.channel.DefaultChannelPipeline$DefaultChannelHandlerContext.sendUpstream(DefaultChannelPipeline.java:791) [io.netty.netty-3.9.9.Final.jar:na]
	at org.jboss.netty.handler.codec.http.HttpContentDecoder.messageReceived(HttpContentDecoder.java:108) [io.netty.netty-3.9.9.Final.jar:na]
	at org.jboss.netty.channel.SimpleChannelUpstreamHandler.handleUpstream(SimpleChannelUpstreamHandler.java:70) [io.netty.netty-3.9.9.Final.jar:na]
	at org.jboss.netty.channel.DefaultChannelPipeline.sendUpstream(DefaultChannelPipeline.java:564) [io.netty.netty-3.9.9.Final.jar:na]
	at org.jboss.netty.channel.DefaultChannelPipeline$DefaultChannelHandlerContext.sendUpstream(DefaultChannelPipeline.java:791) [io.netty.netty-3.9.9.Final.jar:na]
	at org.jboss.netty.channel.Channels.fireMessageReceived(Channels.java:296) [io.netty.netty-3.9.9.Final.jar:na]
	at org.jboss.netty.handler.codec.frame.FrameDecoder.unfoldAndFireMessageReceived(FrameDecoder.java:459) [io.netty.netty-3.9.9.Final.jar:na]
	at org.jboss.netty.handler.codec.replay.ReplayingDecoder.callDecode(ReplayingDecoder.java:536) [io.netty.netty-3.9.9.Final.jar:na]
	at org.jboss.netty.handler.codec.replay.ReplayingDecoder.messageReceived(ReplayingDecoder.java:435) [io.netty.netty-3.9.9.Final.jar:na]
	at org.jboss.netty.channel.SimpleChannelUpstreamHandler.handleUpstream(SimpleChannelUpstreamHandler.java:70) [io.netty.netty-3.9.9.Final.jar:na]
	at org.jboss.netty.channel.DefaultChannelPipeline.sendUpstream(DefaultChannelPipeline.java:564) [io.netty.netty-3.9.9.Final.jar:na]
	at org.jboss.netty.channel.DefaultChannelPipeline.sendUpstream(DefaultChannelPipeline.java:559) [io.netty.netty-3.9.9.Final.jar:na]
	at org.jboss.netty.channel.Channels.fireMessageReceived(Channels.java:268) [io.netty.netty-3.9.9.Final.jar:na]
	at org.jboss.netty.channel.Channels.fireMessageReceived(Channels.java:255) [io.netty.netty-3.9.9.Final.jar:na]
	at org.jboss.netty.channel.socket.nio.NioWorker.read(NioWorker.java:88) [io.netty.netty-3.9.9.Final.jar:na]
	at org.jboss.netty.channel.socket.nio.AbstractNioWorker.process(AbstractNioWorker.java:108) [io.netty.netty-3.9.9.Final.jar:na]
	at org.jboss.netty.channel.socket.nio.AbstractNioSelector.run(AbstractNioSelector.java:337) [io.netty.netty-3.9.9.Final.jar:na]
	at org.jboss.netty.channel.socket.nio.AbstractNioWorker.run(AbstractNioWorker.java:89) [io.netty.netty-3.9.9.Final.jar:na]
	at org.jboss.netty.channel.socket.nio.NioWorker.run(NioWorker.java:178) [io.netty.netty-3.9.9.Final.jar:na]
	at org.jboss.netty.util.ThreadRenamingRunnable.run(ThreadRenamingRunnable.java:108) [io.netty.netty-3.9.9.Final.jar:na]
	at org.jboss.netty.util.internal.DeadLockProofWorker$1.run(DeadLockProofWorker.java:42) [io.netty.netty-3.9.9.Final.jar:na]
	at java.util.concurrent.ThreadPoolExecutor.runWorker(ThreadPoolExecutor.java:1142) [na:1.8.0_66]
	at java.util.concurrent.ThreadPoolExecutor$Worker.run(ThreadPoolExecutor.java:617) [na:1.8.0_66]
	at java.lang.Thread.run(Thread.java:745) [na:1.8.0_66]

2016-05-31 12:36:46,027 - [ERROR] - from application in New I/O worker #1 


! Internal server error, for (GET) [/] ->

java.lang.ExceptionInInitializerError: null
	at Routes$$anonfun$routes$1$$anonfun$applyOrElse$1$$anonfun$apply$1.apply(routes_routing.scala:234) ~[collector.collector-1.4.1.jar:na]
	at Routes$$anonfun$routes$1$$anonfun$applyOrElse$1$$anonfun$apply$1.apply(routes_routing.scala:234) ~[collector.collector-1.4.1.jar:na]
	at play.core.Router$HandlerInvokerFactory$$anon$13$$anon$14.call(Router.scala:217) ~[com.typesafe.play.play_2.11-2.3.10.jar:2.3.10]
	at play.core.Router$Routes$TaggingInvoker.call(Router.scala:464) ~[com.typesafe.play.play_2.11-2.3.10.jar:2.3.10]
	at Routes$$anonfun$routes$1$$anonfun$applyOrElse$1.apply(routes_routing.scala:234) ~[collector.collector-1.4.1.jar:na]
	at Routes$$anonfun$routes$1$$anonfun$applyOrElse$1.apply(routes_routing.scala:234) ~[collector.collector-1.4.1.jar:na]
	at play.core.Router$Routes$class.call(Router.scala:326) ~[com.typesafe.play.play_2.11-2.3.10.jar:2.3.10]
	at Routes$.call(routes_routing.scala:17) ~[collector.collector-1.4.1.jar:na]
	at Routes$$anonfun$routes$1.applyOrElse(routes_routing.scala:233) ~[collector.collector-1.4.1.jar:na]
	at Routes$$anonfun$routes$1.applyOrElse(routes_routing.scala:229) ~[collector.collector-1.4.1.jar:na]
	at scala.PartialFunction$Lifted.apply(PartialFunction.scala:223) ~[org.scala-lang.scala-library-2.11.8.jar:na]
	at scala.PartialFunction$Lifted.apply(PartialFunction.scala:219) ~[org.scala-lang.scala-library-2.11.8.jar:na]
	at play.core.Router$Routes$class.handlerFor(Router.scala:454) ~[com.typesafe.play.play_2.11-2.3.10.jar:2.3.10]
	at Routes$.handlerFor(routes_routing.scala:17) ~[collector.collector-1.4.1.jar:na]
	at play.api.GlobalSettings$$anonfun$onRouteRequest$1$$anonfun$apply$1.apply(GlobalSettings.scala:128) ~[com.typesafe.play.play_2.11-2.3.10.jar:2.3.10]
	at play.api.GlobalSettings$$anonfun$onRouteRequest$1$$anonfun$apply$1.apply(GlobalSettings.scala:127) ~[com.typesafe.play.play_2.11-2.3.10.jar:2.3.10]
	at scala.Option.flatMap(Option.scala:171) ~[org.scala-lang.scala-library-2.11.8.jar:na]
	at play.api.GlobalSettings$$anonfun$onRouteRequest$1.apply(GlobalSettings.scala:126) ~[com.typesafe.play.play_2.11-2.3.10.jar:2.3.10]
	at play.api.GlobalSettings$$anonfun$onRouteRequest$1.apply(GlobalSettings.scala:126) ~[com.typesafe.play.play_2.11-2.3.10.jar:2.3.10]
	at scala.Option.flatMap(Option.scala:171) ~[org.scala-lang.scala-library-2.11.8.jar:na]
	at play.api.GlobalSettings$class.onRouteRequest(GlobalSettings.scala:126) ~[com.typesafe.play.play_2.11-2.3.10.jar:2.3.10]
	at play.api.DefaultGlobal$.onRouteRequest(GlobalSettings.scala:206) ~[com.typesafe.play.play_2.11-2.3.10.jar:2.3.10]
	at play.api.GlobalSettings$class.onRequestReceived(GlobalSettings.scala:81) ~[com.typesafe.play.play_2.11-2.3.10.jar:2.3.10]
	at play.api.DefaultGlobal$.onRequestReceived(GlobalSettings.scala:206) ~[com.typesafe.play.play_2.11-2.3.10.jar:2.3.10]
	at play.core.server.Server$$anonfun$sendHandler$1$1.apply(Server.scala:40) ~[com.typesafe.play.play_2.11-2.3.10.jar:2.3.10]
	at play.core.server.Server$$anonfun$sendHandler$1$1.apply(Server.scala:39) ~[com.typesafe.play.play_2.11-2.3.10.jar:2.3.10]
	at scala.util.Success$$anonfun$map$1.apply(Try.scala:237) ~[org.scala-lang.scala-library-2.11.8.jar:na]
	at scala.util.Try$.apply(Try.scala:192) ~[org.scala-lang.scala-library-2.11.8.jar:na]
	at scala.util.Success.map(Try.scala:237) ~[org.scala-lang.scala-library-2.11.8.jar:na]
	at play.core.server.Server$class.sendHandler$1(Server.scala:39) [com.typesafe.play.play_2.11-2.3.10.jar:2.3.10]
	at play.core.server.Server$$anonfun$getHandlerFor$4.apply(Server.scala:72) [com.typesafe.play.play_2.11-2.3.10.jar:2.3.10]
	at play.core.server.Server$$anonfun$getHandlerFor$4.apply(Server.scala:71) [com.typesafe.play.play_2.11-2.3.10.jar:2.3.10]
	at scala.util.Either$RightProjection.flatMap(Either.scala:522) [org.scala-lang.scala-library-2.11.8.jar:na]
	at play.core.server.Server$class.getHandlerFor(Server.scala:71) [com.typesafe.play.play_2.11-2.3.10.jar:2.3.10]
	at play.core.server.NettyServer.getHandlerFor(NettyServer.scala:39) [com.typesafe.play.play_2.11-2.3.10.jar:2.3.10]
	at play.core.server.netty.PlayDefaultUpstreamHandler$$anonfun$10.apply(PlayDefaultUpstreamHandler.scala:157) [com.typesafe.play.play_2.11-2.3.10.jar:2.3.10]
	at play.core.server.netty.PlayDefaultUpstreamHandler$$anonfun$10.apply(PlayDefaultUpstreamHandler.scala:157) [com.typesafe.play.play_2.11-2.3.10.jar:2.3.10]
	at scala.util.Either.fold(Either.scala:99) [org.scala-lang.scala-library-2.11.8.jar:na]
	at play.core.server.netty.PlayDefaultUpstreamHandler.messageReceived(PlayDefaultUpstreamHandler.scala:142) [com.typesafe.play.play_2.11-2.3.10.jar:2.3.10]
	at org.jboss.netty.channel.SimpleChannelUpstreamHandler.handleUpstream(SimpleChannelUpstreamHandler.java:70) [io.netty.netty-3.9.9.Final.jar:na]
	at org.jboss.netty.channel.DefaultChannelPipeline.sendUpstream(DefaultChannelPipeline.java:564) [io.netty.netty-3.9.9.Final.jar:na]
	at org.jboss.netty.channel.DefaultChannelPipeline$DefaultChannelHandlerContext.sendUpstream(DefaultChannelPipeline.java:791) [io.netty.netty-3.9.9.Final.jar:na]
	at com.typesafe.netty.http.pipelining.HttpPipeliningHandler.messageReceived(HttpPipeliningHandler.java:62) [com.typesafe.netty.netty-http-pipelining-1.1.2.jar:na]
	at org.jboss.netty.channel.SimpleChannelHandler.handleUpstream(SimpleChannelHandler.java:88) [io.netty.netty-3.9.9.Final.jar:na]
	at org.jboss.netty.channel.DefaultChannelPipeline.sendUpstream(DefaultChannelPipeline.java:564) [io.netty.netty-3.9.9.Final.jar:na]
	at org.jboss.netty.channel.DefaultChannelPipeline$DefaultChannelHandlerContext.sendUpstream(DefaultChannelPipeline.java:791) [io.netty.netty-3.9.9.Final.jar:na]
	at org.jboss.netty.handler.codec.http.HttpContentDecoder.messageReceived(HttpContentDecoder.java:108) [io.netty.netty-3.9.9.Final.jar:na]
	at org.jboss.netty.channel.SimpleChannelUpstreamHandler.handleUpstream(SimpleChannelUpstreamHandler.java:70) [io.netty.netty-3.9.9.Final.jar:na]
	at org.jboss.netty.channel.DefaultChannelPipeline.sendUpstream(DefaultChannelPipeline.java:564) [io.netty.netty-3.9.9.Final.jar:na]
	at org.jboss.netty.channel.DefaultChannelPipeline$DefaultChannelHandlerContext.sendUpstream(DefaultChannelPipeline.java:791) [io.netty.netty-3.9.9.Final.jar:na]
	at org.jboss.netty.channel.Channels.fireMessageReceived(Channels.java:296) [io.netty.netty-3.9.9.Final.jar:na]
	at org.jboss.netty.handler.codec.frame.FrameDecoder.unfoldAndFireMessageReceived(FrameDecoder.java:459) [io.netty.netty-3.9.9.Final.jar:na]
	at org.jboss.netty.handler.codec.replay.ReplayingDecoder.callDecode(ReplayingDecoder.java:536) [io.netty.netty-3.9.9.Final.jar:na]
	at org.jboss.netty.handler.codec.replay.ReplayingDecoder.messageReceived(ReplayingDecoder.java:435) [io.netty.netty-3.9.9.Final.jar:na]
	at org.jboss.netty.channel.SimpleChannelUpstreamHandler.handleUpstream(SimpleChannelUpstreamHandler.java:70) [io.netty.netty-3.9.9.Final.jar:na]
	at org.jboss.netty.channel.DefaultChannelPipeline.sendUpstream(DefaultChannelPipeline.java:564) [io.netty.netty-3.9.9.Final.jar:na]
	at org.jboss.netty.channel.DefaultChannelPipeline.sendUpstream(DefaultChannelPipeline.java:559) [io.netty.netty-3.9.9.Final.jar:na]
	at org.jboss.netty.channel.Channels.fireMessageReceived(Channels.java:268) [io.netty.netty-3.9.9.Final.jar:na]
	at org.jboss.netty.channel.Channels.fireMessageReceived(Channels.java:255) [io.netty.netty-3.9.9.Final.jar:na]
	at org.jboss.netty.channel.socket.nio.NioWorker.read(NioWorker.java:88) [io.netty.netty-3.9.9.Final.jar:na]
	at org.jboss.netty.channel.socket.nio.AbstractNioWorker.process(AbstractNioWorker.java:108) [io.netty.netty-3.9.9.Final.jar:na]
	at org.jboss.netty.channel.socket.nio.AbstractNioSelector.run(AbstractNioSelector.java:337) [io.netty.netty-3.9.9.Final.jar:na]
	at org.jboss.netty.channel.socket.nio.AbstractNioWorker.run(AbstractNioWorker.java:89) [io.netty.netty-3.9.9.Final.jar:na]
	at org.jboss.netty.channel.socket.nio.NioWorker.run(NioWorker.java:178) [io.netty.netty-3.9.9.Final.jar:na]
	at org.jboss.netty.util.ThreadRenamingRunnable.run(ThreadRenamingRunnable.java:108) [io.netty.netty-3.9.9.Final.jar:na]
	at org.jboss.netty.util.internal.DeadLockProofWorker$1.run(DeadLockProofWorker.java:42) [io.netty.netty-3.9.9.Final.jar:na]
	at java.util.concurrent.ThreadPoolExecutor.runWorker(ThreadPoolExecutor.java:1142) [na:1.8.0_40]
	at java.util.concurrent.ThreadPoolExecutor$Worker.run(ThreadPoolExecutor.java:617) [na:1.8.0_40]
	at java.lang.Thread.run(Thread.java:745) [na:1.8.0_40]
Caused by: org.postgresql.util.PSQLException: Something unusual has occurred to cause the driver to fail. Please report this exception.
	at org.postgresql.Driver.connect(Driver.java:294) ~[org.postgresql.postgresql-9.4.1208.jre7.jar:9.4.1208.jre7]
	at java.sql.DriverManager.getConnection(DriverManager.java:664) ~[na:1.8.0_40]
	at java.sql.DriverManager.getConnection(DriverManager.java:247) ~[na:1.8.0_40]
	at es.imim.phi.collector.engine.ExtractionEngine$.readProperties(ExtractionEngine.scala:103) ~[collector.collector-1.4.1.jar:1.4.1]
	at es.imim.phi.collector.engine.ExtractionEngine$.initEngine(ExtractionEngine.scala:81) ~[collector.collector-1.4.1.jar:1.4.1]
	at controllers.Application$.<init>(Application.scala:67) ~[collector.collector-1.4.1.jar:1.4.1]
	at controllers.Application$.<clinit>(Application.scala) ~[collector.collector-1.4.1.jar:1.4.1]
	... 69 common frames omitted
Caused by: java.lang.IllegalArgumentException: port out of range:-1
	at java.net.InetSocketAddress.checkPort(InetSocketAddress.java:143) ~[na:1.8.0_40]
	at java.net.InetSocketAddress.<init>(InetSocketAddress.java:224) ~[na:1.8.0_40]
	at org.postgresql.core.PGStream.<init>(PGStream.java:64) ~[org.postgresql.postgresql-9.4.1208.jre7.jar:9.4.1208.jre7]
	at org.postgresql.core.v3.ConnectionFactoryImpl.openConnectionImpl(ConnectionFactoryImpl.java:133) ~[org.postgresql.postgresql-9.4.1208.jre7.jar:9.4.1208.jre7]
	at org.postgresql.core.ConnectionFactory.openConnection(ConnectionFactory.java:66) ~[org.postgresql.postgresql-9.4.1208.jre7.jar:9.4.1208.jre7]
	at org.postgresql.jdbc.PgConnection.<init>(PgConnection.java:215) ~[org.postgresql.postgresql-9.4.1208.jre7.jar:9.4.1208.jre7]
	at org.postgresql.Driver.makeConnection(Driver.java:406) ~[org.postgresql.postgresql-9.4.1208.jre7.jar:9.4.1208.jre7]
	at org.postgresql.Driver.connect(Driver.java:274) ~[org.postgresql.postgresql-9.4.1208.jre7.jar:9.4.1208.jre7]
	... 75 common frames omitted

2016-05-31 12:36:46,049 - [ERROR] - from application in New I/O worker #1 
Error while rendering default error page
scala.MatchError: java.lang.ExceptionInInitializerError (of class java.lang.ExceptionInInitializerError)
	at play.api.GlobalSettings$class.onError(GlobalSettings.scala:148) ~[com.typesafe.play.play_2.11-2.3.10.jar:2.3.10]
	at play.api.DefaultGlobal$.onError(GlobalSettings.scala:206) [com.typesafe.play.play_2.11-2.3.10.jar:2.3.10]
	at play.core.server.Server$class.logExceptionAndGetResult$1(Server.scala:63) [com.typesafe.play.play_2.11-2.3.10.jar:2.3.10]
	at play.core.server.Server$$anonfun$getHandlerFor$4.apply(Server.scala:73) [com.typesafe.play.play_2.11-2.3.10.jar:2.3.10]
	at play.core.server.Server$$anonfun$getHandlerFor$4.apply(Server.scala:71) [com.typesafe.play.play_2.11-2.3.10.jar:2.3.10]
	at scala.util.Either$RightProjection.flatMap(Either.scala:522) [org.scala-lang.scala-library-2.11.8.jar:na]
	at play.core.server.Server$class.getHandlerFor(Server.scala:71) [com.typesafe.play.play_2.11-2.3.10.jar:2.3.10]
	at play.core.server.NettyServer.getHandlerFor(NettyServer.scala:39) [com.typesafe.play.play_2.11-2.3.10.jar:2.3.10]
	at play.core.server.netty.PlayDefaultUpstreamHandler$$anonfun$10.apply(PlayDefaultUpstreamHandler.scala:157) [com.typesafe.play.play_2.11-2.3.10.jar:2.3.10]
	at play.core.server.netty.PlayDefaultUpstreamHandler$$anonfun$10.apply(PlayDefaultUpstreamHandler.scala:157) [com.typesafe.play.play_2.11-2.3.10.jar:2.3.10]
	at scala.util.Either.fold(Either.scala:99) [org.scala-lang.scala-library-2.11.8.jar:na]
	at play.core.server.netty.PlayDefaultUpstreamHandler.messageReceived(PlayDefaultUpstreamHandler.scala:142) [com.typesafe.play.play_2.11-2.3.10.jar:2.3.10]
	at org.jboss.netty.channel.SimpleChannelUpstreamHandler.handleUpstream(SimpleChannelUpstreamHandler.java:70) [io.netty.netty-3.9.9.Final.jar:na]
	at org.jboss.netty.channel.DefaultChannelPipeline.sendUpstream(DefaultChannelPipeline.java:564) [io.netty.netty-3.9.9.Final.jar:na]
	at org.jboss.netty.channel.DefaultChannelPipeline$DefaultChannelHandlerContext.sendUpstream(DefaultChannelPipeline.java:791) [io.netty.netty-3.9.9.Final.jar:na]
	at com.typesafe.netty.http.pipelining.HttpPipeliningHandler.messageReceived(HttpPipeliningHandler.java:62) [com.typesafe.netty.netty-http-pipelining-1.1.2.jar:na]
	at org.jboss.netty.channel.SimpleChannelHandler.handleUpstream(SimpleChannelHandler.java:88) [io.netty.netty-3.9.9.Final.jar:na]
	at org.jboss.netty.channel.DefaultChannelPipeline.sendUpstream(DefaultChannelPipeline.java:564) [io.netty.netty-3.9.9.Final.jar:na]
	at org.jboss.netty.channel.DefaultChannelPipeline$DefaultChannelHandlerContext.sendUpstream(DefaultChannelPipeline.java:791) [io.netty.netty-3.9.9.Final.jar:na]
	at org.jboss.netty.handler.codec.http.HttpContentDecoder.messageReceived(HttpContentDecoder.java:108) [io.netty.netty-3.9.9.Final.jar:na]
	at org.jboss.netty.channel.SimpleChannelUpstreamHandler.handleUpstream(SimpleChannelUpstreamHandler.java:70) [io.netty.netty-3.9.9.Final.jar:na]
	at org.jboss.netty.channel.DefaultChannelPipeline.sendUpstream(DefaultChannelPipeline.java:564) [io.netty.netty-3.9.9.Final.jar:na]
	at org.jboss.netty.channel.DefaultChannelPipeline$DefaultChannelHandlerContext.sendUpstream(DefaultChannelPipeline.java:791) [io.netty.netty-3.9.9.Final.jar:na]
	at org.jboss.netty.channel.Channels.fireMessageReceived(Channels.java:296) [io.netty.netty-3.9.9.Final.jar:na]
	at org.jboss.netty.handler.codec.frame.FrameDecoder.unfoldAndFireMessageReceived(FrameDecoder.java:459) [io.netty.netty-3.9.9.Final.jar:na]
	at org.jboss.netty.handler.codec.replay.ReplayingDecoder.callDecode(ReplayingDecoder.java:536) [io.netty.netty-3.9.9.Final.jar:na]
	at org.jboss.netty.handler.codec.replay.ReplayingDecoder.messageReceived(ReplayingDecoder.java:435) [io.netty.netty-3.9.9.Final.jar:na]
	at org.jboss.netty.channel.SimpleChannelUpstreamHandler.handleUpstream(SimpleChannelUpstreamHandler.java:70) [io.netty.netty-3.9.9.Final.jar:na]
	at org.jboss.netty.channel.DefaultChannelPipeline.sendUpstream(DefaultChannelPipeline.java:564) [io.netty.netty-3.9.9.Final.jar:na]
	at org.jboss.netty.channel.DefaultChannelPipeline.sendUpstream(DefaultChannelPipeline.java:559) [io.netty.netty-3.9.9.Final.jar:na]
	at org.jboss.netty.channel.Channels.fireMessageReceived(Channels.java:268) [io.netty.netty-3.9.9.Final.jar:na]
	at org.jboss.netty.channel.Channels.fireMessageReceived(Channels.java:255) [io.netty.netty-3.9.9.Final.jar:na]
	at org.jboss.netty.channel.socket.nio.NioWorker.read(NioWorker.java:88) [io.netty.netty-3.9.9.Final.jar:na]
	at org.jboss.netty.channel.socket.nio.AbstractNioWorker.process(AbstractNioWorker.java:108) [io.netty.netty-3.9.9.Final.jar:na]
	at org.jboss.netty.channel.socket.nio.AbstractNioSelector.run(AbstractNioSelector.java:337) [io.netty.netty-3.9.9.Final.jar:na]
	at org.jboss.netty.channel.socket.nio.AbstractNioWorker.run(AbstractNioWorker.java:89) [io.netty.netty-3.9.9.Final.jar:na]
	at org.jboss.netty.channel.socket.nio.NioWorker.run(NioWorker.java:178) [io.netty.netty-3.9.9.Final.jar:na]
	at org.jboss.netty.util.ThreadRenamingRunnable.run(ThreadRenamingRunnable.java:108) [io.netty.netty-3.9.9.Final.jar:na]
	at org.jboss.netty.util.internal.DeadLockProofWorker$1.run(DeadLockProofWorker.java:42) [io.netty.netty-3.9.9.Final.jar:na]
	at java.util.concurrent.ThreadPoolExecutor.runWorker(ThreadPoolExecutor.java:1142) [na:1.8.0_40]
	at java.util.concurrent.ThreadPoolExecutor$Worker.run(ThreadPoolExecutor.java:617) [na:1.8.0_40]
	at java.lang.Thread.run(Thread.java:745) [na:1.8.0_40]

